SF:/Volumes/external/repos/forge/src/batch/formatter.rs
FN:15,_RNvNtNtCsjIej9xlZGE_5forge5batch9formatter20format_batch_summary
FN:29,_RNCNvNtNtCsjIej9xlZGE_5forge5batch9formatter20format_batch_summary0B7_
FN:30,_RNCNvNtNtCsjIej9xlZGE_5forge5batch9formatter20format_batch_summarys_0B7_
FN:88,_RNvNtNtNtCs7fuCwhujkjZ_5forge5batch9formatter5testss_18all_failure_format
FN:65,_RNvNtNtNtCs7fuCwhujkjZ_5forge5batch9formatter5testss_18all_success_format
FN:134,_RNvNtNtNtCs7fuCwhujkjZ_5forge5batch9formatter5testss_19single_file_summary
FN:112,_RNvNtNtNtCs7fuCwhujkjZ_5forge5batch9formatter5testss_28mixed_success_failure_format
FN:29,_RNCNvNtNtCs7fuCwhujkjZ_5forge5batch9formatter20format_batch_summary0B7_
FN:30,_RNCNvNtNtCs7fuCwhujkjZ_5forge5batch9formatter20format_batch_summarys_0B7_
FN:15,_RNvNtNtCs7fuCwhujkjZ_5forge5batch9formatter20format_batch_summary
FNDA:13,_RNvNtNtCsjIej9xlZGE_5forge5batch9formatter20format_batch_summary
FNDA:0,_RNCNvNtNtCsjIej9xlZGE_5forge5batch9formatter20format_batch_summary0B7_
FNDA:131,_RNCNvNtNtCsjIej9xlZGE_5forge5batch9formatter20format_batch_summarys_0B7_
FNDA:1,_RNvNtNtNtCs7fuCwhujkjZ_5forge5batch9formatter5testss_18all_failure_format
FNDA:1,_RNvNtNtNtCs7fuCwhujkjZ_5forge5batch9formatter5testss_18all_success_format
FNDA:1,_RNvNtNtNtCs7fuCwhujkjZ_5forge5batch9formatter5testss_19single_file_summary
FNDA:1,_RNvNtNtNtCs7fuCwhujkjZ_5forge5batch9formatter5testss_28mixed_success_failure_format
FNDA:0,_RNCNvNtNtCs7fuCwhujkjZ_5forge5batch9formatter20format_batch_summary0B7_
FNDA:7,_RNCNvNtNtCs7fuCwhujkjZ_5forge5batch9formatter20format_batch_summarys_0B7_
FNDA:4,_RNvNtNtCs7fuCwhujkjZ_5forge5batch9formatter20format_batch_summary
FNF:7
FNH:6
DA:15,17
DA:16,17
DA:18,17
DA:19,17
DA:20,17
DA:21,17
DA:25,17
DA:27,138
DA:28,138
DA:29,0
DA:30,138
DA:32,138
DA:34,138
DA:35,130
DA:36,130
DA:37,130
DA:38,130
DA:39,130
DA:40,130
DA:41,130
DA:42,8
DA:43,8
DA:44,8
DA:45,8
DA:46,8
DA:47,8
DA:51,17
DA:52,17
DA:65,1
DA:66,1
DA:67,1
DA:68,1
DA:69,1
DA:70,1
DA:72,1
DA:73,1
DA:74,1
DA:75,1
DA:78,1
DA:79,1
DA:81,1
DA:82,1
DA:83,1
DA:84,1
DA:85,1
DA:88,1
DA:89,1
DA:90,1
DA:91,1
DA:92,1
DA:93,1
DA:95,1
DA:96,1
DA:97,1
DA:98,1
DA:101,1
DA:102,1
DA:104,1
DA:105,1
DA:106,1
DA:107,1
DA:108,1
DA:109,1
DA:112,1
DA:113,1
DA:114,1
DA:115,1
DA:116,1
DA:117,1
DA:119,1
DA:120,1
DA:121,1
DA:122,1
DA:125,1
DA:126,1
DA:128,1
DA:129,1
DA:130,1
DA:131,1
DA:134,1
DA:135,1
DA:136,1
DA:137,1
DA:138,1
DA:140,1
DA:141,1
DA:143,1
DA:144,1
DA:145,1
BRF:0
BRH:0
LF:89
LH:88
end_of_record
SF:/Volumes/external/repos/forge/src/batch/orchestrator.rs
FN:108,_RNCNvNtNtCsjIej9xlZGE_5forge5batch12orchestrator19convert_single_file0B7_
FN:77,_RNCNvNtNtCsjIej9xlZGE_5forge5batch12orchestrator20run_batch_conversion0B7_
FN:86,_RNCNvNtNtCsjIej9xlZGE_5forge5batch12orchestrator20run_batch_conversions_0B7_
FN:126,_RNvNtNtCsjIej9xlZGE_5forge5batch12orchestrator12run_pipeline
FN:25,_RNvNtNtCsjIej9xlZGE_5forge5batch12orchestrator15validate_inputs
FN:98,_RNvNtNtCsjIej9xlZGE_5forge5batch12orchestrator19convert_single_file
FN:56,_RNvNtNtCsjIej9xlZGE_5forge5batch12orchestrator20run_batch_conversion
FN:108,_RNCNvNtNtCs7fuCwhujkjZ_5forge5batch12orchestrator19convert_single_file0B7_
FN:77,_RNCNvNtNtCs7fuCwhujkjZ_5forge5batch12orchestrator20run_batch_conversion0B7_
FN:86,_RNCNvNtNtCs7fuCwhujkjZ_5forge5batch12orchestrator20run_batch_conversions_0B7_
FN:126,_RNvNtNtCs7fuCwhujkjZ_5forge5batch12orchestrator12run_pipeline
FN:98,_RNvNtNtCs7fuCwhujkjZ_5forge5batch12orchestrator19convert_single_file
FN:56,_RNvNtNtCs7fuCwhujkjZ_5forge5batch12orchestrator20run_batch_conversion
FN:158,_RNvNtNtNtCs7fuCwhujkjZ_5forge5batch12orchestrator5testss_25validate_inputs_all_valid
FN:170,_RNvNtNtNtCs7fuCwhujkjZ_5forge5batch12orchestrator5testss_27validate_inputs_one_missing
FN:183,_RNvNtNtNtCs7fuCwhujkjZ_5forge5batch12orchestrator5testss_35validate_inputs_empty_returns_error
FN:25,_RNvNtNtCs7fuCwhujkjZ_5forge5batch12orchestrator15validate_inputs
FNDA:131,_RNCNvNtNtCsjIej9xlZGE_5forge5batch12orchestrator19convert_single_file0B7_
FNDA:131,_RNCNvNtNtCsjIej9xlZGE_5forge5batch12orchestrator20run_batch_conversion0B7_
FNDA:2,_RNCNvNtNtCsjIej9xlZGE_5forge5batch12orchestrator20run_batch_conversions_0B7_
FNDA:131,_RNvNtNtCsjIej9xlZGE_5forge5batch12orchestrator12run_pipeline
FNDA:133,_RNvNtNtCsjIej9xlZGE_5forge5batch12orchestrator15validate_inputs
FNDA:131,_RNvNtNtCsjIej9xlZGE_5forge5batch12orchestrator19convert_single_file
FNDA:13,_RNvNtNtCsjIej9xlZGE_5forge5batch12orchestrator20run_batch_conversion
FNDA:0,_RNCNvNtNtCs7fuCwhujkjZ_5forge5batch12orchestrator19convert_single_file0B7_
FNDA:0,_RNCNvNtNtCs7fuCwhujkjZ_5forge5batch12orchestrator20run_batch_conversion0B7_
FNDA:0,_RNCNvNtNtCs7fuCwhujkjZ_5forge5batch12orchestrator20run_batch_conversions_0B7_
FNDA:0,_RNvNtNtCs7fuCwhujkjZ_5forge5batch12orchestrator12run_pipeline
FNDA:0,_RNvNtNtCs7fuCwhujkjZ_5forge5batch12orchestrator19convert_single_file
FNDA:0,_RNvNtNtCs7fuCwhujkjZ_5forge5batch12orchestrator20run_batch_conversion
FNDA:1,_RNvNtNtNtCs7fuCwhujkjZ_5forge5batch12orchestrator5testss_25validate_inputs_all_valid
FNDA:1,_RNvNtNtNtCs7fuCwhujkjZ_5forge5batch12orchestrator5testss_27validate_inputs_one_missing
FNDA:1,_RNvNtNtNtCs7fuCwhujkjZ_5forge5batch12orchestrator5testss_35validate_inputs_empty_returns_error
FNDA:3,_RNvNtNtCs7fuCwhujkjZ_5forge5batch12orchestrator15validate_inputs
FNF:10
FNH:10
DA:25,136
DA:26,136
DA:27,1
DA:28,135
DA:30,135
DA:32,256
DA:33,256
DA:34,7
DA:35,249
DA:36,1
DA:37,248
DA:40,135
DA:41,127
DA:43,8
DA:44,8
DA:45,8
DA:46,8
DA:48,136
DA:56,13
DA:57,13
DA:58,13
DA:59,13
DA:60,13
DA:61,13
DA:62,13
DA:63,13
DA:64,13
DA:66,13
DA:67,1
DA:68,1
DA:73,13
DA:74,1
DA:75,12
DA:77,131
DA:78,131
DA:79,131
DA:81,13
DA:83,11
DA:85,2
DA:86,2
DA:87,0
DA:88,0
DA:89,0
DA:94,13
DA:95,13
DA:98,131
DA:99,131
DA:100,131
DA:101,131
DA:102,131
DA:103,131
DA:104,131
DA:105,131
DA:106,131
DA:108,131
DA:109,131
DA:110,131
DA:112,131
DA:114,131
DA:115,126
DA:116,5
DA:117,0
DA:118,0
DA:119,0
DA:120,0
DA:123,131
DA:126,131
DA:127,131
DA:128,131
DA:129,131
DA:130,131
DA:131,131
DA:132,131
DA:133,131
DA:134,131
DA:136,131
DA:138,0
DA:139,0
DA:140,0
DA:141,0
DA:142,0
DA:143,0
DA:144,0
DA:146,126
DA:147,126
DA:148,131
DA:158,1
DA:159,1
DA:160,1
DA:161,1
DA:162,1
DA:163,1
DA:165,1
DA:166,1
DA:167,1
DA:170,1
DA:171,1
DA:172,1
DA:173,1
DA:174,1
DA:176,1
DA:177,1
DA:178,1
DA:179,1
DA:180,1
DA:183,1
DA:184,1
DA:185,1
DA:186,1
DA:187,1
BRF:0
BRH:0
LF:113
LH:98
end_of_record
SF:/Volumes/external/repos/forge/src/batch/output_naming.rs
FN:14,_RNvNtNtCsjIej9xlZGE_5forge5batch13output_naming19derive_output_paths
FN:20,_RNCNvNtNtCsjIej9xlZGE_5forge5batch13output_naming19derive_output_paths0B7_
FN:29,_RNCNvNtNtCsjIej9xlZGE_5forge5batch13output_naming19derive_output_pathss0_0B7_
FN:28,_RNCNvNtNtCsjIej9xlZGE_5forge5batch13output_naming19derive_output_pathss_0B7_
FN:14,_RNvNtNtCs7fuCwhujkjZ_5forge5batch13output_naming19derive_output_paths
FN:76,_RNvNtNtNtCs7fuCwhujkjZ_5forge5batch13output_naming5testss_26collision_appends_suffix_2
FN:69,_RNvNtNtNtCs7fuCwhujkjZ_5forge5batch13output_naming5testss_29with_output_dir_places_in_dir
FN:97,_RNvNtNtNtCs7fuCwhujkjZ_5forge5batch13output_naming5testss_29xml_format_uses_xml_extension
FN:104,_RNvNtNtNtCs7fuCwhujkjZ_5forge5batch13output_naming5testss_31yaml_format_uses_yaml_extension
FN:61,_RNvNtNtNtCs7fuCwhujkjZ_5forge5batch13output_naming5testss_34single_file_produces_stem_dot_json
FN:84,_RNvNtNtNtCs7fuCwhujkjZ_5forge5batch13output_naming5testss_36multiple_collisions_increment_suffix
FN:111,_RNvNtNtNtCs7fuCwhujkjZ_5forge5batch13output_naming5testss_43collision_suffix_skips_already_claimed_stem
FN:20,_RNCNvNtNtCs7fuCwhujkjZ_5forge5batch13output_naming19derive_output_paths0B7_
FN:29,_RNCNvNtNtCs7fuCwhujkjZ_5forge5batch13output_naming19derive_output_pathss0_0B7_
FN:28,_RNCNvNtNtCs7fuCwhujkjZ_5forge5batch13output_naming19derive_output_pathss_0B7_
FNDA:13,_RNvNtNtCsjIej9xlZGE_5forge5batch13output_naming19derive_output_paths
FNDA:1,_RNCNvNtNtCsjIej9xlZGE_5forge5batch13output_naming19derive_output_paths0B7_
FNDA:131,_RNCNvNtNtCsjIej9xlZGE_5forge5batch13output_naming19derive_output_pathss0_0B7_
FNDA:0,_RNCNvNtNtCsjIej9xlZGE_5forge5batch13output_naming19derive_output_pathss_0B7_
FNDA:7,_RNvNtNtCs7fuCwhujkjZ_5forge5batch13output_naming19derive_output_paths
FNDA:1,_RNvNtNtNtCs7fuCwhujkjZ_5forge5batch13output_naming5testss_26collision_appends_suffix_2
FNDA:1,_RNvNtNtNtCs7fuCwhujkjZ_5forge5batch13output_naming5testss_29with_output_dir_places_in_dir
FNDA:1,_RNvNtNtNtCs7fuCwhujkjZ_5forge5batch13output_naming5testss_29xml_format_uses_xml_extension
FNDA:1,_RNvNtNtNtCs7fuCwhujkjZ_5forge5batch13output_naming5testss_31yaml_format_uses_yaml_extension
FNDA:1,_RNvNtNtNtCs7fuCwhujkjZ_5forge5batch13output_naming5testss_34single_file_produces_stem_dot_json
FNDA:1,_RNvNtNtNtCs7fuCwhujkjZ_5forge5batch13output_naming5testss_36multiple_collisions_increment_suffix
FNDA:1,_RNvNtNtNtCs7fuCwhujkjZ_5forge5batch13output_naming5testss_43collision_suffix_skips_already_claimed_stem
FNDA:3,_RNCNvNtNtCs7fuCwhujkjZ_5forge5batch13output_naming19derive_output_paths0B7_
FNDA:12,_RNCNvNtNtCs7fuCwhujkjZ_5forge5batch13output_naming19derive_output_pathss0_0B7_
FNDA:0,_RNCNvNtNtCs7fuCwhujkjZ_5forge5batch13output_naming19derive_output_pathss_0B7_
FNF:11
FNH:10
DA:14,20
DA:15,20
DA:16,20
DA:17,20
DA:18,20
DA:19,20
DA:20,20
DA:21,20
DA:23,20
DA:24,20
DA:26,143
DA:27,143
DA:28,0
DA:29,143
DA:32,143
DA:34,143
DA:35,5
DA:37,6
DA:38,6
DA:39,6
DA:40,5
DA:41,1
DA:44,138
DA:47,143
DA:48,143
DA:51,20
DA:52,20
DA:61,1
DA:62,1
DA:63,1
DA:64,1
DA:65,1
DA:66,1
DA:69,1
DA:70,1
DA:71,1
DA:72,1
DA:73,1
DA:76,1
DA:77,1
DA:78,1
DA:79,1
DA:80,1
DA:81,1
DA:84,1
DA:85,1
DA:86,1
DA:87,1
DA:88,1
DA:90,1
DA:91,1
DA:92,1
DA:93,1
DA:94,1
DA:97,1
DA:98,1
DA:99,1
DA:100,1
DA:101,1
DA:104,1
DA:105,1
DA:106,1
DA:107,1
DA:108,1
DA:111,1
DA:114,1
DA:115,1
DA:116,1
DA:117,1
DA:119,1
DA:120,1
DA:121,1
DA:122,1
DA:123,1
BRF:0
BRH:0
LF:75
LH:74
end_of_record
SF:/Volumes/external/repos/forge/src/batch/summary.rs
FN:35,_RNvMNtNtCsjIej9xlZGE_5forge5batch7summaryNtB2_10FileResult10is_success
FN:29,_RNvMNtNtCsjIej9xlZGE_5forge5batch7summaryNtB2_10FileResult7failure
FN:23,_RNvMNtNtCsjIej9xlZGE_5forge5batch7summaryNtB2_10FileResult7success
FN:54,_RNvMs_NtNtCsjIej9xlZGE_5forge5batch7summaryNtB4_12BatchSummary12from_results
FN:70,_RNvMs_NtNtCsjIej9xlZGE_5forge5batch7summaryNtB4_12BatchSummary12has_failures
FN:58,_RNCNCNvMs_NtNtCsjIej9xlZGE_5forge5batch7summaryNtB8_12BatchSummary12from_results00Bc_
FN:55,_RNCNvMs_NtNtCsjIej9xlZGE_5forge5batch7summaryNtB6_12BatchSummary12from_results0Ba_
FN:62,_RNCNvMs_NtNtCsjIej9xlZGE_5forge5batch7summaryNtB6_12BatchSummary12from_resultss_0Ba_
FN:58,_RNCNCNvMs_NtNtCs7fuCwhujkjZ_5forge5batch7summaryNtB8_12BatchSummary12from_results00Bc_
FN:55,_RNCNvMs_NtNtCs7fuCwhujkjZ_5forge5batch7summaryNtB6_12BatchSummary12from_results0Ba_
FN:62,_RNCNvMs_NtNtCs7fuCwhujkjZ_5forge5batch7summaryNtB6_12BatchSummary12from_resultss_0Ba_
FN:110,_RNvNtNtNtCs7fuCwhujkjZ_5forge5batch7summary5testss_27from_results_counts_correct
FN:166,_RNvNtNtNtCs7fuCwhujkjZ_5forge5batch7summary5testss_35has_failures_false_when_all_succeed
FN:137,_RNvNtNtNtCs7fuCwhujkjZ_5forge5batch7summary5testss_37from_results_sorted_by_input_filename
FN:95,_RNvNtNtNtCs7fuCwhujkjZ_5forge5batch7summary5testss_43failure_result_has_error_and_no_output_path
FN:82,_RNvNtNtNtCs7fuCwhujkjZ_5forge5batch7summary5testss_43success_result_has_output_path_and_no_error
FN:35,_RNvMNtNtCs7fuCwhujkjZ_5forge5batch7summaryNtB2_10FileResult10is_success
FN:29,_RNvMNtNtCs7fuCwhujkjZ_5forge5batch7summaryNtB2_10FileResult7failure
FN:23,_RNvMNtNtCs7fuCwhujkjZ_5forge5batch7summaryNtB2_10FileResult7success
FN:54,_RNvMs_NtNtCs7fuCwhujkjZ_5forge5batch7summaryNtB4_12BatchSummary12from_results
FN:70,_RNvMs_NtNtCs7fuCwhujkjZ_5forge5batch7summaryNtB4_12BatchSummary12has_failures
FN:160,_RNCNvNtNtNtCs7fuCwhujkjZ_5forge5batch7summary5testss_37from_results_sorted_by_input_filename0B9_
FNDA:131,_RNvMNtNtCsjIej9xlZGE_5forge5batch7summaryNtB2_10FileResult10is_success
FNDA:5,_RNvMNtNtCsjIej9xlZGE_5forge5batch7summaryNtB2_10FileResult7failure
FNDA:126,_RNvMNtNtCsjIej9xlZGE_5forge5batch7summaryNtB2_10FileResult7success
FNDA:13,_RNvMs_NtNtCsjIej9xlZGE_5forge5batch7summaryNtB4_12BatchSummary12from_results
FNDA:13,_RNvMs_NtNtCsjIej9xlZGE_5forge5batch7summaryNtB4_12BatchSummary12has_failures
FNDA:1,_RNCNCNvMs_NtNtCsjIej9xlZGE_5forge5batch7summaryNtB8_12BatchSummary12from_results00Bc_
FNDA:120,_RNCNvMs_NtNtCsjIej9xlZGE_5forge5batch7summaryNtB6_12BatchSummary12from_results0Ba_
FNDA:131,_RNCNvMs_NtNtCsjIej9xlZGE_5forge5batch7summaryNtB6_12BatchSummary12from_resultss_0Ba_
FNDA:0,_RNCNCNvMs_NtNtCs7fuCwhujkjZ_5forge5batch7summaryNtB8_12BatchSummary12from_results00Bc_
FNDA:8,_RNCNvMs_NtNtCs7fuCwhujkjZ_5forge5batch7summaryNtB6_12BatchSummary12from_results0Ba_
FNDA:14,_RNCNvMs_NtNtCs7fuCwhujkjZ_5forge5batch7summaryNtB6_12BatchSummary12from_resultss_0Ba_
FNDA:1,_RNvNtNtNtCs7fuCwhujkjZ_5forge5batch7summary5testss_27from_results_counts_correct
FNDA:1,_RNvNtNtNtCs7fuCwhujkjZ_5forge5batch7summary5testss_35has_failures_false_when_all_succeed
FNDA:1,_RNvNtNtNtCs7fuCwhujkjZ_5forge5batch7summary5testss_37from_results_sorted_by_input_filename
FNDA:1,_RNvNtNtNtCs7fuCwhujkjZ_5forge5batch7summary5testss_43failure_result_has_error_and_no_output_path
FNDA:1,_RNvNtNtNtCs7fuCwhujkjZ_5forge5batch7summary5testss_43success_result_has_output_path_and_no_error
FNDA:16,_RNvMNtNtCs7fuCwhujkjZ_5forge5batch7summaryNtB2_10FileResult10is_success
FNDA:5,_RNvMNtNtCs7fuCwhujkjZ_5forge5batch7summaryNtB2_10FileResult7failure
FNDA:11,_RNvMNtNtCs7fuCwhujkjZ_5forge5batch7summaryNtB2_10FileResult7success
FNDA:7,_RNvMs_NtNtCs7fuCwhujkjZ_5forge5batch7summaryNtB4_12BatchSummary12from_results
FNDA:2,_RNvMs_NtNtCs7fuCwhujkjZ_5forge5batch7summaryNtB4_12BatchSummary12has_failures
FNDA:3,_RNCNvNtNtNtCs7fuCwhujkjZ_5forge5batch7summary5testss_37from_results_sorted_by_input_filename0B9_
FNF:14
FNH:14
DA:23,137
DA:24,137
DA:25,137
DA:29,10
DA:30,10
DA:31,10
DA:35,147
DA:36,147
DA:37,147
DA:54,20
DA:55,128
DA:56,128
DA:57,128
DA:58,128
DA:59,128
DA:61,20
DA:62,145
DA:63,20
DA:65,20
DA:66,20
DA:70,15
DA:71,15
DA:72,15
DA:82,1
DA:83,1
DA:84,1
DA:85,1
DA:86,1
DA:88,1
DA:89,1
DA:90,1
DA:92,1
DA:95,1
DA:96,1
DA:97,1
DA:98,1
DA:99,1
DA:101,1
DA:102,1
DA:103,1
DA:105,1
DA:110,1
DA:111,1
DA:112,1
DA:113,1
DA:114,1
DA:115,1
DA:117,1
DA:118,1
DA:119,1
DA:120,1
DA:122,1
DA:123,1
DA:124,1
DA:125,1
DA:129,1
DA:130,1
DA:131,1
DA:132,1
DA:133,1
DA:134,1
DA:137,1
DA:138,1
DA:139,1
DA:140,1
DA:141,1
DA:142,1
DA:144,1
DA:145,1
DA:146,1
DA:147,1
DA:149,1
DA:150,1
DA:151,1
DA:152,1
DA:156,1
DA:157,1
DA:158,1
DA:159,1
DA:160,3
DA:161,1
DA:162,1
DA:163,1
DA:166,1
DA:167,1
DA:168,1
DA:169,1
DA:170,1
DA:172,1
DA:173,1
DA:174,1
BRF:0
BRH:0
LF:95
LH:95
end_of_record
SF:/Volumes/external/repos/forge/src/citation.rs
FN:37,_RNCNvNtCsjIej9xlZGE_5forge8citation12BIBLIO_REGEX0B5_
FN:274,_RNCNvNtCsjIej9xlZGE_5forge8citation12overlaps_any0B5_
FN:50,_RNCNvNtCsjIej9xlZGE_5forge8citation14CROSSREF_REGEX0B5_
FN:44,_RNCNvNtCsjIej9xlZGE_5forge8citation20SCHEMELESS_URL_REGEX0B5_
FN:82,_RNCNvNtCsjIej9xlZGE_5forge8citation30extract_citations_from_section0B5_
FN:33,_RNCNvNtCsjIej9xlZGE_5forge8citation9URL_REGEX0B5_
FN:273,_RNvNtCsjIej9xlZGE_5forge8citation12overlaps_any
FN:212,_RNvNtCsjIej9xlZGE_5forge8citation13strip_matches
FN:238,_RNvNtCsjIej9xlZGE_5forge8citation15normalize_prose
FN:68,_RNvNtCsjIej9xlZGE_5forge8citation17extract_citations
FN:206,_RNvNtCsjIej9xlZGE_5forge8citation20generate_citation_id
FN:120,_RNvNtCsjIej9xlZGE_5forge8citation27extract_citations_from_text
FN:76,_RNvNtCsjIej9xlZGE_5forge8citation30extract_citations_from_section
FN:834,_RNCNvNtNtCs7fuCwhujkjZ_5forge8citation5testss_44performance_1000_requirements_under_1_second0B7_
FN:273,_RNvNtCs7fuCwhujkjZ_5forge8citation12overlaps_any
FN:212,_RNvNtCs7fuCwhujkjZ_5forge8citation13strip_matches
FN:238,_RNvNtCs7fuCwhujkjZ_5forge8citation15normalize_prose
FN:68,_RNvNtCs7fuCwhujkjZ_5forge8citation17extract_citations
FN:206,_RNvNtCs7fuCwhujkjZ_5forge8citation20generate_citation_id
FN:120,_RNvNtCs7fuCwhujkjZ_5forge8citation27extract_citations_from_text
FN:76,_RNvNtCs7fuCwhujkjZ_5forge8citation30extract_citations_from_section
FN:542,_RNvNtNtCs7fuCwhujkjZ_5forge8citation5tests12make_section
FN:513,_RNvNtNtCs7fuCwhujkjZ_5forge8citation5tests13make_test_doc
FN:528,_RNvNtNtCs7fuCwhujkjZ_5forge8citation5tests8make_req
FN:468,_RNvNtNtCs7fuCwhujkjZ_5forge8citation5testss_14us2_rfc_number
FN:480,_RNvNtNtCs7fuCwhujkjZ_5forge8citation5testss_15us2_fips_number
FN:455,_RNvNtNtCs7fuCwhujkjZ_5forge8citation5testss_16us2_iso_standard
FN:373,_RNvNtNtCs7fuCwhujkjZ_5forge8citation5testss_22us1_http_url_extracted
FN:580,_RNvNtNtCs7fuCwhujkjZ_5forge8citation5testss_22us5_nested_subsections
FN:285,_RNvNtNtCs7fuCwhujkjZ_5forge8citation5testss_24us1_single_url_extracted
FN:409,_RNvNtNtCs7fuCwhujkjZ_5forge8citation5testss_25citation_id_deterministic
FN:430,_RNvNtNtCs7fuCwhujkjZ_5forge8citation5testss_25citation_id_is_valid_uuid
FN:782,_RNvNtNtCs7fuCwhujkjZ_5forge8citation5testss_26us4_crossref_alongside_url
FN:652,_RNvNtNtCs7fuCwhujkjZ_5forge8citation5testss_26us5_integration_end_to_end
FN:301,_RNvNtNtCs7fuCwhujkjZ_5forge8citation5testss_27us1_multiple_urls_extracted
FN:619,_RNvNtNtCs7fuCwhujkjZ_5forge8citation5testss_27us5_empty_document_no_error
FN:693,_RNvNtNtCs7fuCwhujkjZ_5forge8citation5testss_28us3_schemeless_url_extracted
FN:759,_RNvNtNtCs7fuCwhujkjZ_5forge8citation5testss_29us4_table_reference_extracted
FN:340,_RNvNtNtCs7fuCwhujkjZ_5forge8citation5testss_31us1_no_citations_text_unchanged
FN:732,_RNvNtNtCs7fuCwhujkjZ_5forge8citation5testss_31us4_section_reference_extracted
FN:398,_RNvNtNtCs7fuCwhujkjZ_5forge8citation5testss_32us1_trailing_period_not_captured
FN:439,_RNvNtNtCs7fuCwhujkjZ_5forge8citation5testss_32us2_nist_sp_with_rev_and_section
FN:747,_RNvNtNtCs7fuCwhujkjZ_5forge8citation5testss_32us4_appendix_reference_extracted
FN:800,_RNvNtNtCs7fuCwhujkjZ_5forge8citation5testss_33idempotency_second_pass_unchanged
FN:716,_RNvNtNtCs7fuCwhujkjZ_5forge8citation5testss_33us3_schemeless_alongside_full_url
FN:705,_RNvNtNtCs7fuCwhujkjZ_5forge8citation5testss_33us3_schemeless_url_in_parentheses
FN:771,_RNvNtNtCs7fuCwhujkjZ_5forge8citation5testss_33us4_lowercase_section_not_matched
FN:892,_RNvNtNtCs7fuCwhujkjZ_5forge8citation5testss_37redos_resistance_deeply_nested_parens
FN:867,_RNvNtNtCs7fuCwhujkjZ_5forge8citation5testss_37redos_resistance_long_url_like_string
FN:555,_RNvNtNtCs7fuCwhujkjZ_5forge8citation5testss_39us5_multiple_sections_with_requirements
FN:878,_RNvNtNtCs7fuCwhujkjZ_5forge8citation5testss_40redos_resistance_long_biblio_like_string
FN:350,_RNvNtNtCs7fuCwhujkjZ_5forge8citation5testss_41us1_whitespace_normalized_after_stripping
FN:493,_RNvNtNtCs7fuCwhujkjZ_5forge8citation5testss_41us2_multiple_standards_separate_citations
FN:384,_RNvNtNtCs7fuCwhujkjZ_5forge8citation5testss_42us1_punctuation_normalized_after_stripping
FN:832,_RNvNtNtCs7fuCwhujkjZ_5forge8citation5testss_44performance_1000_requirements_under_1_second
FN:627,_RNvNtNtCs7fuCwhujkjZ_5forge8citation5testss_44us5_mixed_citation_types_in_same_requirement
FN:327,_RNvNtNtCs7fuCwhujkjZ_5forge8citation5testss_45us1_duplicate_urls_produce_separate_citations
FN:361,_RNvNtNtCs7fuCwhujkjZ_5forge8citation5testss_47us1_tabs_and_newlines_collapsed_after_stripping
FN:315,_RNvNtNtCs7fuCwhujkjZ_5forge8citation5testss_47us1_url_in_parentheses_extracted_without_parens
FN:423,_RNvNtNtCs7fuCwhujkjZ_5forge8citation5testss_48citation_id_different_for_different_requirements
FN:416,_RNvNtNtCs7fuCwhujkjZ_5forge8citation5testss_49citation_id_different_for_different_citation_text
FN:37,_RNCNvNtCs7fuCwhujkjZ_5forge8citation12BIBLIO_REGEX0B5_
FN:274,_RNCNvNtCs7fuCwhujkjZ_5forge8citation12overlaps_any0B5_
FN:50,_RNCNvNtCs7fuCwhujkjZ_5forge8citation14CROSSREF_REGEX0B5_
FN:44,_RNCNvNtCs7fuCwhujkjZ_5forge8citation20SCHEMELESS_URL_REGEX0B5_
FN:82,_RNCNvNtCs7fuCwhujkjZ_5forge8citation30extract_citations_from_section0B5_
FN:33,_RNCNvNtCs7fuCwhujkjZ_5forge8citation9URL_REGEX0B5_
FNDA:116,_RNCNvNtCsjIej9xlZGE_5forge8citation12BIBLIO_REGEX0B5_
FNDA:115,_RNCNvNtCsjIej9xlZGE_5forge8citation12overlaps_any0B5_
FNDA:116,_RNCNvNtCsjIej9xlZGE_5forge8citation14CROSSREF_REGEX0B5_
FNDA:116,_RNCNvNtCsjIej9xlZGE_5forge8citation20SCHEMELESS_URL_REGEX0B5_
FNDA:0,_RNCNvNtCsjIej9xlZGE_5forge8citation30extract_citations_from_section0B5_
FNDA:116,_RNCNvNtCsjIej9xlZGE_5forge8citation9URL_REGEX0B5_
FNDA:111,_RNvNtCsjIej9xlZGE_5forge8citation12overlaps_any
FNDA:3978,_RNvNtCsjIej9xlZGE_5forge8citation13strip_matches
FNDA:3978,_RNvNtCsjIej9xlZGE_5forge8citation15normalize_prose
FNDA:296,_RNvNtCsjIej9xlZGE_5forge8citation17extract_citations
FNDA:405,_RNvNtCsjIej9xlZGE_5forge8citation20generate_citation_id
FNDA:3978,_RNvNtCsjIej9xlZGE_5forge8citation27extract_citations_from_text
FNDA:1125,_RNvNtCsjIej9xlZGE_5forge8citation30extract_citations_from_section
FNDA:1000,_RNCNvNtNtCs7fuCwhujkjZ_5forge8citation5testss_44performance_1000_requirements_under_1_second0B7_
FNDA:3024,_RNvNtCs7fuCwhujkjZ_5forge8citation12overlaps_any
FNDA:1052,_RNvNtCs7fuCwhujkjZ_5forge8citation13strip_matches
FNDA:1052,_RNvNtCs7fuCwhujkjZ_5forge8citation15normalize_prose
FNDA:10,_RNvNtCs7fuCwhujkjZ_5forge8citation17extract_citations
FNDA:4049,_RNvNtCs7fuCwhujkjZ_5forge8citation20generate_citation_id
FNDA:1052,_RNvNtCs7fuCwhujkjZ_5forge8citation27extract_citations_from_text
FNDA:22,_RNvNtCs7fuCwhujkjZ_5forge8citation30extract_citations_from_section
FNDA:7,_RNvNtNtCs7fuCwhujkjZ_5forge8citation5tests12make_section
FNDA:7,_RNvNtNtCs7fuCwhujkjZ_5forge8citation5tests13make_test_doc
FNDA:1010,_RNvNtNtCs7fuCwhujkjZ_5forge8citation5tests8make_req
FNDA:1,_RNvNtNtCs7fuCwhujkjZ_5forge8citation5testss_14us2_rfc_number
FNDA:1,_RNvNtNtCs7fuCwhujkjZ_5forge8citation5testss_15us2_fips_number
FNDA:1,_RNvNtNtCs7fuCwhujkjZ_5forge8citation5testss_16us2_iso_standard
FNDA:1,_RNvNtNtCs7fuCwhujkjZ_5forge8citation5testss_22us1_http_url_extracted
FNDA:1,_RNvNtNtCs7fuCwhujkjZ_5forge8citation5testss_22us5_nested_subsections
FNDA:1,_RNvNtNtCs7fuCwhujkjZ_5forge8citation5testss_24us1_single_url_extracted
FNDA:1,_RNvNtNtCs7fuCwhujkjZ_5forge8citation5testss_25citation_id_deterministic
FNDA:1,_RNvNtNtCs7fuCwhujkjZ_5forge8citation5testss_25citation_id_is_valid_uuid
FNDA:1,_RNvNtNtCs7fuCwhujkjZ_5forge8citation5testss_26us4_crossref_alongside_url
FNDA:1,_RNvNtNtCs7fuCwhujkjZ_5forge8citation5testss_26us5_integration_end_to_end
FNDA:1,_RNvNtNtCs7fuCwhujkjZ_5forge8citation5testss_27us1_multiple_urls_extracted
FNDA:1,_RNvNtNtCs7fuCwhujkjZ_5forge8citation5testss_27us5_empty_document_no_error
FNDA:1,_RNvNtNtCs7fuCwhujkjZ_5forge8citation5testss_28us3_schemeless_url_extracted
FNDA:1,_RNvNtNtCs7fuCwhujkjZ_5forge8citation5testss_29us4_table_reference_extracted
FNDA:1,_RNvNtNtCs7fuCwhujkjZ_5forge8citation5testss_31us1_no_citations_text_unchanged
FNDA:1,_RNvNtNtCs7fuCwhujkjZ_5forge8citation5testss_31us4_section_reference_extracted
FNDA:1,_RNvNtNtCs7fuCwhujkjZ_5forge8citation5testss_32us1_trailing_period_not_captured
FNDA:1,_RNvNtNtCs7fuCwhujkjZ_5forge8citation5testss_32us2_nist_sp_with_rev_and_section
FNDA:1,_RNvNtNtCs7fuCwhujkjZ_5forge8citation5testss_32us4_appendix_reference_extracted
FNDA:1,_RNvNtNtCs7fuCwhujkjZ_5forge8citation5testss_33idempotency_second_pass_unchanged
FNDA:1,_RNvNtNtCs7fuCwhujkjZ_5forge8citation5testss_33us3_schemeless_alongside_full_url
FNDA:1,_RNvNtNtCs7fuCwhujkjZ_5forge8citation5testss_33us3_schemeless_url_in_parentheses
FNDA:1,_RNvNtNtCs7fuCwhujkjZ_5forge8citation5testss_33us4_lowercase_section_not_matched
FNDA:1,_RNvNtNtCs7fuCwhujkjZ_5forge8citation5testss_37redos_resistance_deeply_nested_parens
FNDA:1,_RNvNtNtCs7fuCwhujkjZ_5forge8citation5testss_37redos_resistance_long_url_like_string
FNDA:1,_RNvNtNtCs7fuCwhujkjZ_5forge8citation5testss_39us5_multiple_sections_with_requirements
FNDA:1,_RNvNtNtCs7fuCwhujkjZ_5forge8citation5testss_40redos_resistance_long_biblio_like_string
FNDA:1,_RNvNtNtCs7fuCwhujkjZ_5forge8citation5testss_41us1_whitespace_normalized_after_stripping
FNDA:1,_RNvNtNtCs7fuCwhujkjZ_5forge8citation5testss_41us2_multiple_standards_separate_citations
FNDA:1,_RNvNtNtCs7fuCwhujkjZ_5forge8citation5testss_42us1_punctuation_normalized_after_stripping
FNDA:1,_RNvNtNtCs7fuCwhujkjZ_5forge8citation5testss_44performance_1000_requirements_under_1_second
FNDA:1,_RNvNtNtCs7fuCwhujkjZ_5forge8citation5testss_44us5_mixed_citation_types_in_same_requirement
FNDA:1,_RNvNtNtCs7fuCwhujkjZ_5forge8citation5testss_45us1_duplicate_urls_produce_separate_citations
FNDA:1,_RNvNtNtCs7fuCwhujkjZ_5forge8citation5testss_47us1_tabs_and_newlines_collapsed_after_stripping
FNDA:1,_RNvNtNtCs7fuCwhujkjZ_5forge8citation5testss_47us1_url_in_parentheses_extracted_without_parens
FNDA:1,_RNvNtNtCs7fuCwhujkjZ_5forge8citation5testss_48citation_id_different_for_different_requirements
FNDA:1,_RNvNtNtCs7fuCwhujkjZ_5forge8citation5testss_49citation_id_different_for_different_citation_text
FNDA:1,_RNCNvNtCs7fuCwhujkjZ_5forge8citation12BIBLIO_REGEX0B5_
FNDA:6010,_RNCNvNtCs7fuCwhujkjZ_5forge8citation12overlaps_any0B5_
FNDA:1,_RNCNvNtCs7fuCwhujkjZ_5forge8citation14CROSSREF_REGEX0B5_
FNDA:1,_RNCNvNtCs7fuCwhujkjZ_5forge8citation20SCHEMELESS_URL_REGEX0B5_
FNDA:0,_RNCNvNtCs7fuCwhujkjZ_5forge8citation30extract_citations_from_section0B5_
FNDA:1,_RNCNvNtCs7fuCwhujkjZ_5forge8citation9URL_REGEX0B5_
FNF:54
FNH:53
DA:33,117
DA:37,117
DA:38,117
DA:39,117
DA:40,117
DA:44,117
DA:45,117
DA:46,117
DA:50,117
DA:51,117
DA:52,117
DA:53,117
DA:68,306
DA:69,740
DA:70,740
DA:72,306
DA:73,306
DA:76,1147
DA:77,2931
DA:79,2931
DA:80,2
DA:81,2929
DA:82,2929
DA:83,0
DA:84,0
DA:85,0
DA:86,0
DA:87,0
DA:88,2929
DA:89,2929
DA:91,203
DA:94,2929
DA:95,2929
DA:97,1147
DA:98,407
DA:100,1147
DA:101,1147
DA:120,5030
DA:121,5030
DA:122,5030
DA:123,5030
DA:124,5030
DA:125,5030
DA:128,5030
DA:129,1314
DA:130,1314
DA:131,1314
DA:132,1314
DA:133,1314
DA:134,1314
DA:135,1314
DA:136,1314
DA:137,1314
DA:138,1314
DA:139,1314
DA:140,1314
DA:141,1314
DA:144,5030
DA:145,1020
DA:146,1020
DA:147,0
DA:148,1020
DA:149,1020
DA:150,1020
DA:151,1020
DA:152,1020
DA:153,1020
DA:154,1020
DA:155,1020
DA:156,1020
DA:157,1020
DA:158,1020
DA:159,1020
DA:163,5030
DA:164,1083
DA:165,1083
DA:166,0
DA:167,1083
DA:168,1083
DA:169,1083
DA:170,1083
DA:171,1083
DA:172,1083
DA:173,1083
DA:174,1083
DA:175,1083
DA:176,1083
DA:180,5030
DA:181,1032
DA:182,1032
DA:183,2
DA:184,1030
DA:185,1030
DA:186,1030
DA:187,1030
DA:188,1030
DA:189,1030
DA:190,1030
DA:191,1030
DA:192,1030
DA:193,1030
DA:196,5030
DA:197,5030
DA:199,5030
DA:200,5030
DA:206,4454
DA:207,4454
DA:208,4454
DA:209,4454
DA:212,5030
DA:213,5030
DA:214,3659
DA:215,1371
DA:217,1371
DA:218,1371
DA:220,1371
DA:221,1371
DA:223,4447
DA:224,4447
DA:225,4445
DA:226,4445
DA:227,4447
DA:228,4447
DA:230,1371
DA:231,1341
DA:232,1341
DA:234,1371
DA:235,5030
DA:238,5030
DA:239,5030
DA:242,5030
DA:243,5030
DA:246,5030
DA:247,5030
DA:248,494302
DA:249,494302
DA:250,37138
DA:251,30295
DA:252,30295
DA:253,37138
DA:254,457164
DA:255,457164
DA:256,457164
DA:257,457164
DA:259,5030
DA:262,5030
DA:263,5030
DA:264,5030
DA:265,5030
DA:266,5030
DA:267,5030
DA:269,5030
DA:270,5030
DA:273,3135
DA:274,6125
DA:275,3135
DA:285,1
DA:286,1
DA:287,1
DA:288,1
DA:289,1
DA:290,1
DA:292,1
DA:293,1
DA:294,1
DA:295,1
DA:296,1
DA:297,1
DA:301,1
DA:302,1
DA:303,1
DA:304,1
DA:306,1
DA:307,1
DA:308,1
DA:309,1
DA:310,1
DA:311,1
DA:315,1
DA:316,1
DA:317,1
DA:318,1
DA:320,1
DA:321,1
DA:322,1
DA:323,1
DA:327,1
DA:328,1
DA:329,1
DA:330,1
DA:331,1
DA:332,1
DA:334,1
DA:335,1
DA:336,1
DA:340,1
DA:341,1
DA:342,1
DA:344,1
DA:345,1
DA:346,1
DA:350,1
DA:351,1
DA:352,1
DA:353,1
DA:355,1
DA:356,1
DA:357,1
DA:361,1
DA:362,1
DA:363,1
DA:364,1
DA:366,1
DA:367,1
DA:368,1
DA:369,1
DA:373,1
DA:374,1
DA:375,1
DA:377,1
DA:378,1
DA:379,1
DA:380,1
DA:384,1
DA:385,1
DA:386,1
DA:387,1
DA:388,1
DA:389,1
DA:391,1
DA:392,1
DA:393,1
DA:394,1
DA:398,1
DA:399,1
DA:400,1
DA:402,1
DA:403,1
DA:404,1
DA:405,1
DA:409,1
DA:410,1
DA:411,1
DA:412,1
DA:413,1
DA:416,1
DA:417,1
DA:418,1
DA:419,1
DA:420,1
DA:423,1
DA:424,1
DA:425,1
DA:426,1
DA:427,1
DA:430,1
DA:431,1
DA:432,1
DA:433,1
DA:439,1
DA:440,1
DA:441,1
DA:442,1
DA:443,1
DA:444,1
DA:446,1
DA:447,1
DA:448,1
DA:449,1
DA:450,1
DA:451,1
DA:455,1
DA:456,1
DA:457,1
DA:458,1
DA:460,1
DA:461,1
DA:462,1
DA:463,1
DA:464,1
DA:468,1
DA:469,1
DA:470,1
DA:472,1
DA:473,1
DA:474,1
DA:475,1
DA:476,1
DA:480,1
DA:481,1
DA:482,1
DA:483,1
DA:485,1
DA:486,1
DA:487,1
DA:488,1
DA:489,1
DA:493,1
DA:494,1
DA:495,1
DA:496,1
DA:497,1
DA:498,1
DA:500,1
DA:501,1
DA:502,1
DA:503,1
DA:504,1
DA:505,1
DA:506,1
DA:513,7
DA:514,7
DA:515,7
DA:516,7
DA:517,7
DA:518,7
DA:519,7
DA:520,7
DA:521,7
DA:522,7
DA:523,7
DA:524,7
DA:525,7
DA:526,7
DA:528,1010
DA:529,1010
DA:530,1010
DA:531,1010
DA:532,1010
DA:533,1010
DA:534,1010
DA:535,1010
DA:536,1010
DA:537,1010
DA:538,1010
DA:539,1010
DA:540,1010
DA:542,7
DA:543,7
DA:544,7
DA:545,7
DA:546,7
DA:547,7
DA:548,7
DA:549,7
DA:550,7
DA:551,7
DA:555,1
DA:556,1
DA:557,1
DA:558,1
DA:559,1
DA:561,1
DA:564,1
DA:566,1
DA:567,1
DA:568,1
DA:571,1
DA:573,1
DA:574,1
DA:575,1
DA:576,1
DA:580,1
DA:581,1
DA:582,1
DA:583,1
DA:584,1
DA:585,1
DA:586,1
DA:587,1
DA:588,1
DA:590,1
DA:591,1
DA:592,1
DA:593,1
DA:594,1
DA:595,1
DA:596,1
DA:597,1
DA:598,1
DA:599,1
DA:600,1
DA:602,1
DA:603,1
DA:606,1
DA:607,1
DA:608,1
DA:613,1
DA:614,1
DA:615,1
DA:619,1
DA:620,1
DA:621,1
DA:622,1
DA:623,1
DA:627,1
DA:628,1
DA:629,1
DA:630,1
DA:631,1
DA:632,1
DA:636,1
DA:638,1
DA:639,1
DA:642,1
DA:643,1
DA:646,1
DA:647,1
DA:648,1
DA:652,1
DA:653,1
DA:654,1
DA:655,1
DA:656,1
DA:657,1
DA:658,1
DA:661,1
DA:662,1
DA:663,1
DA:664,1
DA:665,1
DA:670,1
DA:673,1
DA:674,1
DA:677,1
DA:678,1
DA:681,1
DA:682,1
DA:683,1
DA:684,1
DA:687,1
DA:693,1
DA:694,1
DA:695,1
DA:697,1
DA:698,1
DA:699,1
DA:700,1
DA:701,1
DA:705,1
DA:706,1
DA:707,1
DA:709,1
DA:710,1
DA:711,1
DA:712,1
DA:716,1
DA:717,1
DA:718,1
DA:719,1
DA:720,1
DA:721,1
DA:723,1
DA:724,1
DA:725,1
DA:726,1
DA:732,1
DA:733,1
DA:734,1
DA:735,1
DA:736,1
DA:737,1
DA:739,1
DA:740,1
DA:741,1
DA:742,1
DA:743,1
DA:747,1
DA:748,1
DA:749,1
DA:751,1
DA:752,1
DA:753,1
DA:754,1
DA:755,1
DA:759,1
DA:760,1
DA:761,1
DA:763,1
DA:764,1
DA:765,1
DA:766,1
DA:767,1
DA:771,1
DA:772,1
DA:773,1
DA:774,1
DA:776,1
DA:777,1
DA:778,1
DA:782,1
DA:783,1
DA:784,1
DA:785,1
DA:786,1
DA:787,1
DA:789,1
DA:791,1
DA:793,1
DA:794,1
DA:795,1
DA:800,1
DA:801,1
DA:802,1
DA:803,1
DA:804,1
DA:805,1
DA:806,1
DA:808,1
DA:813,1
DA:814,1
DA:815,1
DA:816,1
DA:817,1
DA:820,1
DA:823,1
DA:824,1
DA:825,1
DA:826,1
DA:827,1
DA:832,1
DA:833,1
DA:834,1000
DA:835,1000
DA:836,1000
DA:837,1000
DA:838,1000
DA:839,1000
DA:840,1000
DA:841,1000
DA:842,1000
DA:844,1000
DA:845,1
DA:847,1
DA:849,1
DA:850,1
DA:851,1
DA:853,1
DA:854,1
DA:859,1000
DA:860,1000
DA:862,1
DA:867,1
DA:868,1
DA:869,1
DA:870,1
DA:871,1
DA:873,1
DA:874,1
DA:875,1
DA:878,1
DA:879,1
DA:880,1
DA:881,1
DA:882,1
DA:884,1
DA:885,1
DA:886,1
DA:889,1
DA:892,1
DA:893,1
DA:894,1
DA:895,1
DA:896,1
DA:898,1
DA:899,1
DA:900,1
BRF:0
BRH:0
LF:571
LH:561
end_of_record
SF:/Volumes/external/repos/forge/src/cli/convert.rs
FN:148,_RNvNtNtCsjIej9xlZGE_5forge3cli7convert16execute_dispatch
FN:64,_RNvNtNtCsjIej9xlZGE_5forge3cli7convert17max_size_to_bytes
FN:16,_RNvNtNtCsjIej9xlZGE_5forge3cli7convert18collect_stable_ids
FN:91,_RNvNtNtCsjIej9xlZGE_5forge3cli7convert21validate_regular_file
FN:74,_RNvNtNtCsjIej9xlZGE_5forge3cli7convert22resolve_source_profile
FN:24,_RNvNtNtCsjIej9xlZGE_5forge3cli7convert31collect_stable_ids_from_section
FN:48,_RNvNtNtCsjIej9xlZGE_5forge3cli7convert35count_substantive_stable_id_changes
FN:107,_RNvNtNtCsjIej9xlZGE_5forge3cli7convert39emit_stable_id_change_warning_if_needed
FN:229,_RNvNtNtCsjIej9xlZGE_5forge3cli7convert7execute
FN:58,_RNCNCNvNtNtCsjIej9xlZGE_5forge3cli7convert35count_substantive_stable_id_changes00B9_
FN:177,_RNCNvNtNtCsjIej9xlZGE_5forge3cli7convert16execute_dispatch0B7_
FN:67,_RNCNvNtNtCsjIej9xlZGE_5forge3cli7convert17max_size_to_bytes0B7_
FN:57,_RNCNvNtNtCsjIej9xlZGE_5forge3cli7convert35count_substantive_stable_id_changes0B7_
FN:264,_RNCNvNtNtCsjIej9xlZGE_5forge3cli7convert7execute0B7_
FN:267,_RNCNvNtNtCsjIej9xlZGE_5forge3cli7convert7executes0_0B7_
FN:266,_RNCNvNtNtCsjIej9xlZGE_5forge3cli7convert7executes_0B7_
FN:177,_RNCNvNtNtCs7fuCwhujkjZ_5forge3cli7convert16execute_dispatch0B7_
FN:148,_RNvNtNtCs7fuCwhujkjZ_5forge3cli7convert16execute_dispatch
FN:293,_RNvNtNtNtCs7fuCwhujkjZ_5forge3cli7convert5tests22single_requirement_doc
FN:325,_RNvNtNtNtCs7fuCwhujkjZ_5forge3cli7convert5tests9make_opts
FN:408,_RNvNtNtNtCs7fuCwhujkjZ_5forge3cli7convert5testss_23yaml_format_is_accepted
FN:381,_RNvNtNtNtCs7fuCwhujkjZ_5forge3cli7convert5testss_39catalog_strategy_xml_format_is_accepted
FN:391,_RNvNtNtNtCs7fuCwhujkjZ_5forge3cli7convert5testss_41component_strategy_xml_format_is_accepted
FN:357,_RNvNtNtNtCs7fuCwhujkjZ_5forge3cli7convert5testss_46component_strategy_empty_source_profile_errors
FN:368,_RNvNtNtNtCs7fuCwhujkjZ_5forge3cli7convert5testss_56component_strategy_whitespace_only_source_profile_errors
FN:427,_RNvNtNtNtCs7fuCwhujkjZ_5forge3cli7convert5testss_56substantive_change_count_ignores_missing_locator_matches
FN:418,_RNvNtNtNtCs7fuCwhujkjZ_5forge3cli7convert5testss_59substantive_change_count_detects_matching_locator_id_change
FN:347,_RNvNtNtNtCs7fuCwhujkjZ_5forge3cli7convert5testss_67component_strategy_none_source_profile_errors_with_required_message
FN:64,_RNvNtNtCs7fuCwhujkjZ_5forge3cli7convert17max_size_to_bytes
FN:16,_RNvNtNtCs7fuCwhujkjZ_5forge3cli7convert18collect_stable_ids
FN:91,_RNvNtNtCs7fuCwhujkjZ_5forge3cli7convert21validate_regular_file
FN:74,_RNvNtNtCs7fuCwhujkjZ_5forge3cli7convert22resolve_source_profile
FN:24,_RNvNtNtCs7fuCwhujkjZ_5forge3cli7convert31collect_stable_ids_from_section
FN:48,_RNvNtNtCs7fuCwhujkjZ_5forge3cli7convert35count_substantive_stable_id_changes
FN:107,_RNvNtNtCs7fuCwhujkjZ_5forge3cli7convert39emit_stable_id_change_warning_if_needed
FN:229,_RNvNtNtCs7fuCwhujkjZ_5forge3cli7convert7execute
FN:58,_RNCNCNvNtNtCs7fuCwhujkjZ_5forge3cli7convert35count_substantive_stable_id_changes00B9_
FN:67,_RNCNvNtNtCs7fuCwhujkjZ_5forge3cli7convert17max_size_to_bytes0B7_
FN:57,_RNCNvNtNtCs7fuCwhujkjZ_5forge3cli7convert35count_substantive_stable_id_changes0B7_
FN:264,_RNCNvNtNtCs7fuCwhujkjZ_5forge3cli7convert7execute0B7_
FN:267,_RNCNvNtNtCs7fuCwhujkjZ_5forge3cli7convert7executes0_0B7_
FN:266,_RNCNvNtNtCs7fuCwhujkjZ_5forge3cli7convert7executes_0B7_
FNDA:133,_RNvNtNtCsjIej9xlZGE_5forge3cli7convert16execute_dispatch
FNDA:125,_RNvNtNtCsjIej9xlZGE_5forge3cli7convert17max_size_to_bytes
FNDA:2,_RNvNtNtCsjIej9xlZGE_5forge3cli7convert18collect_stable_ids
FNDA:31,_RNvNtNtCsjIej9xlZGE_5forge3cli7convert21validate_regular_file
FNDA:32,_RNvNtNtCsjIej9xlZGE_5forge3cli7convert22resolve_source_profile
FNDA:4,_RNvNtNtCsjIej9xlZGE_5forge3cli7convert31collect_stable_ids_from_section
FNDA:1,_RNvNtNtCsjIej9xlZGE_5forge3cli7convert35count_substantive_stable_id_changes
FNDA:1,_RNvNtNtCsjIej9xlZGE_5forge3cli7convert39emit_stable_id_change_warning_if_needed
FNDA:112,_RNvNtNtCsjIej9xlZGE_5forge3cli7convert7execute
FNDA:2,_RNCNCNvNtNtCsjIej9xlZGE_5forge3cli7convert35count_substantive_stable_id_changes00B9_
FNDA:0,_RNCNvNtNtCsjIej9xlZGE_5forge3cli7convert16execute_dispatch0B7_
FNDA:1,_RNCNvNtNtCsjIej9xlZGE_5forge3cli7convert17max_size_to_bytes0B7_
FNDA:2,_RNCNvNtNtCsjIej9xlZGE_5forge3cli7convert35count_substantive_stable_id_changes0B7_
FNDA:0,_RNCNvNtNtCsjIej9xlZGE_5forge3cli7convert7execute0B7_
FNDA:0,_RNCNvNtNtCsjIej9xlZGE_5forge3cli7convert7executes0_0B7_
FNDA:0,_RNCNvNtNtCsjIej9xlZGE_5forge3cli7convert7executes_0B7_
FNDA:0,_RNCNvNtNtCs7fuCwhujkjZ_5forge3cli7convert16execute_dispatch0B7_
FNDA:0,_RNvNtNtCs7fuCwhujkjZ_5forge3cli7convert16execute_dispatch
FNDA:4,_RNvNtNtNtCs7fuCwhujkjZ_5forge3cli7convert5tests22single_requirement_doc
FNDA:6,_RNvNtNtNtCs7fuCwhujkjZ_5forge3cli7convert5tests9make_opts
FNDA:1,_RNvNtNtNtCs7fuCwhujkjZ_5forge3cli7convert5testss_23yaml_format_is_accepted
FNDA:1,_RNvNtNtNtCs7fuCwhujkjZ_5forge3cli7convert5testss_39catalog_strategy_xml_format_is_accepted
FNDA:1,_RNvNtNtNtCs7fuCwhujkjZ_5forge3cli7convert5testss_41component_strategy_xml_format_is_accepted
FNDA:1,_RNvNtNtNtCs7fuCwhujkjZ_5forge3cli7convert5testss_46component_strategy_empty_source_profile_errors
FNDA:1,_RNvNtNtNtCs7fuCwhujkjZ_5forge3cli7convert5testss_56component_strategy_whitespace_only_source_profile_errors
FNDA:1,_RNvNtNtNtCs7fuCwhujkjZ_5forge3cli7convert5testss_56substantive_change_count_ignores_missing_locator_matches
FNDA:1,_RNvNtNtNtCs7fuCwhujkjZ_5forge3cli7convert5testss_59substantive_change_count_detects_matching_locator_id_change
FNDA:1,_RNvNtNtNtCs7fuCwhujkjZ_5forge3cli7convert5testss_67component_strategy_none_source_profile_errors_with_required_message
FNDA:6,_RNvNtNtCs7fuCwhujkjZ_5forge3cli7convert17max_size_to_bytes
FNDA:4,_RNvNtNtCs7fuCwhujkjZ_5forge3cli7convert18collect_stable_ids
FNDA:1,_RNvNtNtCs7fuCwhujkjZ_5forge3cli7convert21validate_regular_file
FNDA:4,_RNvNtNtCs7fuCwhujkjZ_5forge3cli7convert22resolve_source_profile
FNDA:4,_RNvNtNtCs7fuCwhujkjZ_5forge3cli7convert31collect_stable_ids_from_section
FNDA:2,_RNvNtNtCs7fuCwhujkjZ_5forge3cli7convert35count_substantive_stable_id_changes
FNDA:0,_RNvNtNtCs7fuCwhujkjZ_5forge3cli7convert39emit_stable_id_change_warning_if_needed
FNDA:6,_RNvNtNtCs7fuCwhujkjZ_5forge3cli7convert7execute
FNDA:1,_RNCNCNvNtNtCs7fuCwhujkjZ_5forge3cli7convert35count_substantive_stable_id_changes00B9_
FNDA:0,_RNCNvNtNtCs7fuCwhujkjZ_5forge3cli7convert17max_size_to_bytes0B7_
FNDA:2,_RNCNvNtNtCs7fuCwhujkjZ_5forge3cli7convert35count_substantive_stable_id_changes0B7_
FNDA:0,_RNCNvNtNtCs7fuCwhujkjZ_5forge3cli7convert7execute0B7_
FNDA:0,_RNCNvNtNtCs7fuCwhujkjZ_5forge3cli7convert7executes0_0B7_
FNDA:0,_RNCNvNtNtCs7fuCwhujkjZ_5forge3cli7convert7executes_0B7_
FNF:26
FNH:22
DA:16,6
DA:17,6
DA:18,8
DA:19,8
DA:20,8
DA:21,6
DA:22,6
DA:24,8
DA:25,8
DA:26,8
DA:27,8
DA:28,8
DA:29,8
DA:30,8
DA:31,8
DA:32,8
DA:33,8
DA:34,8
DA:35,8
DA:36,8
DA:37,8
DA:38,8
DA:39,8
DA:42,8
DA:43,0
DA:44,0
DA:45,0
DA:46,8
DA:48,3
DA:49,3
DA:50,3
DA:51,3
DA:52,3
DA:53,3
DA:55,3
DA:56,3
DA:57,4
DA:58,4
DA:59,4
DA:60,3
DA:61,3
DA:64,131
DA:65,131
DA:66,131
DA:67,131
DA:68,131
DA:74,36
DA:75,33
DA:76,3
DA:77,3
DA:78,3
DA:79,3
DA:80,33
DA:81,2
DA:83,31
DA:84,31
DA:85,31
DA:86,28
DA:89,36
DA:91,32
DA:92,32
DA:93,2
DA:94,2
DA:95,2
DA:96,2
DA:97,30
DA:98,30
DA:99,1
DA:100,1
DA:101,1
DA:102,1
DA:103,29
DA:104,29
DA:105,32
DA:107,1
DA:108,1
DA:109,1
DA:110,1
DA:111,1
DA:112,1
DA:113,1
DA:114,1
DA:116,1
DA:117,1
DA:119,1
DA:120,1
DA:123,0
DA:125,1
DA:126,1
DA:148,133
DA:150,133
DA:152,126
DA:154,112
DA:155,112
DA:156,14
DA:160,14
DA:161,0
DA:162,14
DA:164,14
DA:165,0
DA:166,14
DA:169,14
DA:170,13
DA:171,1
DA:172,1
DA:173,1
DA:174,1
DA:175,12
DA:176,12
DA:177,1
DA:178,0
DA:179,0
DA:180,0
DA:181,0
DA:182,0
DA:183,11
DA:184,1
DA:187,13
DA:188,0
DA:190,13
DA:193,13
DA:196,13
DA:199,13
DA:200,13
DA:201,13
DA:202,13
DA:203,13
DA:204,13
DA:205,13
DA:209,13
DA:210,13
DA:211,13
DA:212,13
DA:214,13
DA:215,4
DA:216,4
DA:217,4
DA:218,4
DA:220,9
DA:222,133
DA:229,118
DA:230,118
DA:232,117
DA:233,1
DA:234,1
DA:235,116
DA:237,117
DA:239,117
DA:240,81
DA:241,81
DA:242,81
DA:243,81
DA:244,81
DA:245,13
DA:248,36
DA:249,28
DA:250,28
DA:251,28
DA:252,28
DA:253,28
DA:254,28
DA:255,2
DA:260,94
DA:263,93
DA:264,0
DA:265,0
DA:266,0
DA:267,0
DA:269,0
DA:270,0
DA:273,93
DA:274,8
DA:275,8
DA:276,8
DA:277,8
DA:278,8
DA:279,8
DA:280,85
DA:282,93
DA:283,118
DA:293,4
DA:294,4
DA:295,4
DA:296,4
DA:297,4
DA:298,4
DA:299,4
DA:300,4
DA:301,4
DA:302,4
DA:303,4
DA:304,4
DA:305,4
DA:306,4
DA:307,4
DA:308,4
DA:309,4
DA:310,4
DA:311,4
DA:312,4
DA:313,4
DA:314,4
DA:315,4
DA:316,4
DA:317,4
DA:318,4
DA:319,4
DA:320,4
DA:321,4
DA:322,4
DA:323,4
DA:325,6
DA:326,6
DA:327,6
DA:328,6
DA:329,6
DA:330,6
DA:331,6
DA:332,6
DA:333,6
DA:334,6
DA:335,6
DA:336,6
DA:337,6
DA:338,6
DA:339,6
DA:340,6
DA:341,6
DA:342,6
DA:343,6
DA:344,6
DA:347,1
DA:348,1
DA:349,1
DA:350,1
DA:351,1
DA:354,1
DA:357,1
DA:358,1
DA:359,1
DA:360,1
DA:361,1
DA:362,1
DA:365,1
DA:368,1
DA:369,1
DA:370,1
DA:371,1
DA:372,1
DA:373,1
DA:376,1
DA:381,1
DA:382,1
DA:383,1
DA:384,1
DA:385,1
DA:388,1
DA:391,1
DA:394,1
DA:395,1
DA:396,1
DA:397,1
DA:398,1
DA:400,1
DA:401,1
DA:402,1
DA:405,1
DA:408,1
DA:409,1
DA:410,1
DA:411,1
DA:412,1
DA:415,1
DA:418,1
DA:419,1
DA:420,1
DA:422,1
DA:423,1
DA:424,1
DA:427,1
DA:428,1
DA:429,1
DA:431,1
DA:432,1
DA:433,1
BRF:0
BRH:0
LF:291
LH:269
end_of_record
SF:/Volumes/external/repos/forge/src/cli/diff.rs
FN:9,_RNvNtNtCsjIej9xlZGE_5forge3cli4diff7execute
FN:9,_RNvNtNtCs7fuCwhujkjZ_5forge3cli4diff7execute
FNDA:0,_RNvNtNtCsjIej9xlZGE_5forge3cli4diff7execute
FNDA:0,_RNvNtNtCs7fuCwhujkjZ_5forge3cli4diff7execute
FNF:1
FNH:0
DA:9,0
DA:10,0
DA:12,0
DA:14,0
DA:16,0
DA:17,0
DA:19,0
DA:20,0
BRF:0
BRH:0
LF:8
LH:0
end_of_record
SF:/Volumes/external/repos/forge/src/cli/export.rs
FN:29,_RNCNvNtNtCsjIej9xlZGE_5forge3cli6export13detect_format0B7_
FN:30,_RNCNvNtNtCsjIej9xlZGE_5forge3cli6export13detect_formats_0B7_
FN:275,_RNCNvNtNtCsjIej9xlZGE_5forge3cli6export15export_artifact0B7_
FN:188,_RNCNvNtNtCsjIej9xlZGE_5forge3cli6export15serialize_oscal0B7_
FN:219,_RNCNvNtNtCsjIej9xlZGE_5forge3cli6export20validate_oscal_model0B7_
FN:237,_RNCNvNtNtCsjIej9xlZGE_5forge3cli6export20validate_oscal_models0_0B7_
FN:244,_RNCNvNtNtCsjIej9xlZGE_5forge3cli6export20validate_oscal_models1_0B7_
FN:227,_RNCNvNtNtCsjIej9xlZGE_5forge3cli6export20validate_oscal_models_0B7_
FN:61,_RNCNvNtNtCsjIej9xlZGE_5forge3cli6export21deserialize_from_json0B7_
FN:73,_RNCNvNtNtCsjIej9xlZGE_5forge3cli6export21deserialize_from_jsons0_0B7_
FN:80,_RNCNvNtNtCsjIej9xlZGE_5forge3cli6export21deserialize_from_jsons1_0B7_
FN:63,_RNCNvNtNtCsjIej9xlZGE_5forge3cli6export21deserialize_from_jsons_0B7_
FN:149,_RNCNvNtNtCsjIej9xlZGE_5forge3cli6export28deserialize_from_yaml_format0B7_
FN:166,_RNCNvNtNtCsjIej9xlZGE_5forge3cli6export28deserialize_from_yaml_formats0_0B7_
FN:159,_RNCNvNtNtCsjIej9xlZGE_5forge3cli6export28deserialize_from_yaml_formats_0B7_
FN:26,_RNvNtNtCsjIej9xlZGE_5forge3cli6export13detect_format
FN:257,_RNvNtNtCsjIej9xlZGE_5forge3cli6export15export_artifact
FN:180,_RNvNtNtCsjIej9xlZGE_5forge3cli6export15serialize_oscal
FN:49,_RNvNtNtCsjIej9xlZGE_5forge3cli6export17deserialize_oscal
FN:93,_RNvNtNtCsjIej9xlZGE_5forge3cli6export20deserialize_from_xml
FN:215,_RNvNtNtCsjIej9xlZGE_5forge3cli6export20validate_oscal_model
FN:59,_RNvNtNtCsjIej9xlZGE_5forge3cli6export21deserialize_from_json
FN:120,_RNvNtNtCsjIej9xlZGE_5forge3cli6export23detect_xml_root_element
FN:145,_RNvNtNtCsjIej9xlZGE_5forge3cli6export28deserialize_from_yaml_format
FN:313,_RNvNtNtCsjIej9xlZGE_5forge3cli6export7execute
FN:313,_RNvNtNtCs7fuCwhujkjZ_5forge3cli6export7execute
FN:338,_RNvNtNtNtCs7fuCwhujkjZ_5forge3cli6export5testss_17detect_format_xml
FN:350,_RNvNtNtNtCs7fuCwhujkjZ_5forge3cli6export5testss_17detect_format_yml
FN:332,_RNvNtNtNtCs7fuCwhujkjZ_5forge3cli6export5testss_18detect_format_json
FN:344,_RNvNtNtNtCs7fuCwhujkjZ_5forge3cli6export5testss_18detect_format_yaml
FN:384,_RNvNtNtNtCs7fuCwhujkjZ_5forge3cli6export5testss_24deserialize_json_catalog
FN:391,_RNvNtNtNtCs7fuCwhujkjZ_5forge3cli6export5testss_26deserialize_json_component
FN:373,_RNvNtNtNtCs7fuCwhujkjZ_5forge3cli6export5testss_26detect_format_no_extension
FN:503,_RNvNtNtNtCs7fuCwhujkjZ_5forge3cli6export5testss_26export_artifact_empty_file
FN:402,_RNvNtNtNtCs7fuCwhujkjZ_5forge3cli6export5testss_26export_json_catalog_to_xml
FN:571,_RNvNtNtNtCs7fuCwhujkjZ_5forge3cli6export5testss_26export_xml_catalog_to_json
FN:468,_RNvNtNtNtCs7fuCwhujkjZ_5forge3cli6export5testss_27export_json_catalog_to_yaml
FN:588,_RNvNtNtNtCs7fuCwhujkjZ_5forge3cli6export5testss_27export_yaml_catalog_to_json
FN:540,_RNvNtNtNtCs7fuCwhujkjZ_5forge3cli6export5testss_28export_artifact_no_extension
FN:415,_RNvNtNtNtCs7fuCwhujkjZ_5forge3cli6export5testss_28export_json_component_to_xml
FN:428,_RNvNtNtNtCs7fuCwhujkjZ_5forge3cli6export5testss_28validate_valid_catalog_model
FN:480,_RNvNtNtNtCs7fuCwhujkjZ_5forge3cli6export5testss_29export_json_component_to_yaml
FN:492,_RNvNtNtNtCs7fuCwhujkjZ_5forge3cli6export5testss_30deserialize_invalid_oscal_json
FN:356,_RNvNtNtNtCs7fuCwhujkjZ_5forge3cli6export5testss_30detect_format_case_insensitive
FN:610,_RNvNtNtNtCs7fuCwhujkjZ_5forge3cli6export5testss_30export_artifact_output_to_file
FN:435,_RNvNtNtNtCs7fuCwhujkjZ_5forge3cli6export5testss_30validate_valid_component_model
FN:553,_RNvNtNtNtCs7fuCwhujkjZ_5forge3cli6export5testss_31export_artifact_format_mismatch
FN:626,_RNvNtNtNtCs7fuCwhujkjZ_5forge3cli6export5testss_31export_same_format_json_to_json
FN:453,_RNvNtNtNtCs7fuCwhujkjZ_5forge3cli6export5testss_32export_artifact_json_to_xml_file
FN:516,_RNvNtNtNtCs7fuCwhujkjZ_5forge3cli6export5testss_32export_artifact_nonexistent_file
FN:446,_RNvNtNtNtCs7fuCwhujkjZ_5forge3cli6export5testss_34export_artifact_json_to_xml_stdout
FN:365,_RNvNtNtNtCs7fuCwhujkjZ_5forge3cli6export5testss_35detect_format_unsupported_extension
FN:527,_RNvNtNtNtCs7fuCwhujkjZ_5forge3cli6export5testss_37export_artifact_unsupported_extension
FN:26,_RNvNtNtCs7fuCwhujkjZ_5forge3cli6export13detect_format
FN:257,_RNvNtNtCs7fuCwhujkjZ_5forge3cli6export15export_artifact
FN:180,_RNvNtNtCs7fuCwhujkjZ_5forge3cli6export15serialize_oscal
FN:49,_RNvNtNtCs7fuCwhujkjZ_5forge3cli6export17deserialize_oscal
FN:93,_RNvNtNtCs7fuCwhujkjZ_5forge3cli6export20deserialize_from_xml
FN:215,_RNvNtNtCs7fuCwhujkjZ_5forge3cli6export20validate_oscal_model
FN:59,_RNvNtNtCs7fuCwhujkjZ_5forge3cli6export21deserialize_from_json
FN:120,_RNvNtNtCs7fuCwhujkjZ_5forge3cli6export23detect_xml_root_element
FN:145,_RNvNtNtCs7fuCwhujkjZ_5forge3cli6export28deserialize_from_yaml_format
FN:29,_RNCNvNtNtCs7fuCwhujkjZ_5forge3cli6export13detect_format0B7_
FN:30,_RNCNvNtNtCs7fuCwhujkjZ_5forge3cli6export13detect_formats_0B7_
FN:275,_RNCNvNtNtCs7fuCwhujkjZ_5forge3cli6export15export_artifact0B7_
FN:188,_RNCNvNtNtCs7fuCwhujkjZ_5forge3cli6export15serialize_oscal0B7_
FN:219,_RNCNvNtNtCs7fuCwhujkjZ_5forge3cli6export20validate_oscal_model0B7_
FN:237,_RNCNvNtNtCs7fuCwhujkjZ_5forge3cli6export20validate_oscal_models0_0B7_
FN:244,_RNCNvNtNtCs7fuCwhujkjZ_5forge3cli6export20validate_oscal_models1_0B7_
FN:227,_RNCNvNtNtCs7fuCwhujkjZ_5forge3cli6export20validate_oscal_models_0B7_
FN:61,_RNCNvNtNtCs7fuCwhujkjZ_5forge3cli6export21deserialize_from_json0B7_
FN:73,_RNCNvNtNtCs7fuCwhujkjZ_5forge3cli6export21deserialize_from_jsons0_0B7_
FN:80,_RNCNvNtNtCs7fuCwhujkjZ_5forge3cli6export21deserialize_from_jsons1_0B7_
FN:63,_RNCNvNtNtCs7fuCwhujkjZ_5forge3cli6export21deserialize_from_jsons_0B7_
FN:149,_RNCNvNtNtCs7fuCwhujkjZ_5forge3cli6export28deserialize_from_yaml_format0B7_
FN:166,_RNCNvNtNtCs7fuCwhujkjZ_5forge3cli6export28deserialize_from_yaml_formats0_0B7_
FN:159,_RNCNvNtNtCs7fuCwhujkjZ_5forge3cli6export28deserialize_from_yaml_formats_0B7_
FNDA:43,_RNCNvNtNtCsjIej9xlZGE_5forge3cli6export13detect_format0B7_
FNDA:0,_RNCNvNtNtCsjIej9xlZGE_5forge3cli6export13detect_formats_0B7_
FNDA:0,_RNCNvNtNtCsjIej9xlZGE_5forge3cli6export15export_artifact0B7_
FNDA:0,_RNCNvNtNtCsjIej9xlZGE_5forge3cli6export15serialize_oscal0B7_
FNDA:0,_RNCNvNtNtCsjIej9xlZGE_5forge3cli6export20validate_oscal_model0B7_
FNDA:0,_RNCNvNtNtCsjIej9xlZGE_5forge3cli6export20validate_oscal_models0_0B7_
FNDA:0,_RNCNvNtNtCsjIej9xlZGE_5forge3cli6export20validate_oscal_models1_0B7_
FNDA:0,_RNCNvNtNtCsjIej9xlZGE_5forge3cli6export20validate_oscal_models_0B7_
FNDA:0,_RNCNvNtNtCsjIej9xlZGE_5forge3cli6export21deserialize_from_json0B7_
FNDA:0,_RNCNvNtNtCsjIej9xlZGE_5forge3cli6export21deserialize_from_jsons0_0B7_
FNDA:0,_RNCNvNtNtCsjIej9xlZGE_5forge3cli6export21deserialize_from_jsons1_0B7_
FNDA:1,_RNCNvNtNtCsjIej9xlZGE_5forge3cli6export21deserialize_from_jsons_0B7_
FNDA:0,_RNCNvNtNtCsjIej9xlZGE_5forge3cli6export28deserialize_from_yaml_format0B7_
FNDA:0,_RNCNvNtNtCsjIej9xlZGE_5forge3cli6export28deserialize_from_yaml_formats0_0B7_
FNDA:0,_RNCNvNtNtCsjIej9xlZGE_5forge3cli6export28deserialize_from_yaml_formats_0B7_
FNDA:43,_RNvNtNtCsjIej9xlZGE_5forge3cli6export13detect_format
FNDA:44,_RNvNtNtCsjIej9xlZGE_5forge3cli6export15export_artifact
FNDA:42,_RNvNtNtCsjIej9xlZGE_5forge3cli6export15serialize_oscal
FNDA:43,_RNvNtNtCsjIej9xlZGE_5forge3cli6export17deserialize_oscal
FNDA:12,_RNvNtNtCsjIej9xlZGE_5forge3cli6export20deserialize_from_xml
FNDA:42,_RNvNtNtCsjIej9xlZGE_5forge3cli6export20validate_oscal_model
FNDA:20,_RNvNtNtCsjIej9xlZGE_5forge3cli6export21deserialize_from_json
FNDA:12,_RNvNtNtCsjIej9xlZGE_5forge3cli6export23detect_xml_root_element
FNDA:11,_RNvNtNtCsjIej9xlZGE_5forge3cli6export28deserialize_from_yaml_format
FNDA:26,_RNvNtNtCsjIej9xlZGE_5forge3cli6export7execute
FNDA:0,_RNvNtNtCs7fuCwhujkjZ_5forge3cli6export7execute
FNDA:1,_RNvNtNtNtCs7fuCwhujkjZ_5forge3cli6export5testss_17detect_format_xml
FNDA:1,_RNvNtNtNtCs7fuCwhujkjZ_5forge3cli6export5testss_17detect_format_yml
FNDA:1,_RNvNtNtNtCs7fuCwhujkjZ_5forge3cli6export5testss_18detect_format_json
FNDA:1,_RNvNtNtNtCs7fuCwhujkjZ_5forge3cli6export5testss_18detect_format_yaml
FNDA:1,_RNvNtNtNtCs7fuCwhujkjZ_5forge3cli6export5testss_24deserialize_json_catalog
FNDA:1,_RNvNtNtNtCs7fuCwhujkjZ_5forge3cli6export5testss_26deserialize_json_component
FNDA:1,_RNvNtNtNtCs7fuCwhujkjZ_5forge3cli6export5testss_26detect_format_no_extension
FNDA:1,_RNvNtNtNtCs7fuCwhujkjZ_5forge3cli6export5testss_26export_artifact_empty_file
FNDA:1,_RNvNtNtNtCs7fuCwhujkjZ_5forge3cli6export5testss_26export_json_catalog_to_xml
FNDA:1,_RNvNtNtNtCs7fuCwhujkjZ_5forge3cli6export5testss_26export_xml_catalog_to_json
FNDA:1,_RNvNtNtNtCs7fuCwhujkjZ_5forge3cli6export5testss_27export_json_catalog_to_yaml
FNDA:1,_RNvNtNtNtCs7fuCwhujkjZ_5forge3cli6export5testss_27export_yaml_catalog_to_json
FNDA:1,_RNvNtNtNtCs7fuCwhujkjZ_5forge3cli6export5testss_28export_artifact_no_extension
FNDA:1,_RNvNtNtNtCs7fuCwhujkjZ_5forge3cli6export5testss_28export_json_component_to_xml
FNDA:1,_RNvNtNtNtCs7fuCwhujkjZ_5forge3cli6export5testss_28validate_valid_catalog_model
FNDA:1,_RNvNtNtNtCs7fuCwhujkjZ_5forge3cli6export5testss_29export_json_component_to_yaml
FNDA:1,_RNvNtNtNtCs7fuCwhujkjZ_5forge3cli6export5testss_30deserialize_invalid_oscal_json
FNDA:1,_RNvNtNtNtCs7fuCwhujkjZ_5forge3cli6export5testss_30detect_format_case_insensitive
FNDA:1,_RNvNtNtNtCs7fuCwhujkjZ_5forge3cli6export5testss_30export_artifact_output_to_file
FNDA:1,_RNvNtNtNtCs7fuCwhujkjZ_5forge3cli6export5testss_30validate_valid_component_model
FNDA:1,_RNvNtNtNtCs7fuCwhujkjZ_5forge3cli6export5testss_31export_artifact_format_mismatch
FNDA:1,_RNvNtNtNtCs7fuCwhujkjZ_5forge3cli6export5testss_31export_same_format_json_to_json
FNDA:1,_RNvNtNtNtCs7fuCwhujkjZ_5forge3cli6export5testss_32export_artifact_json_to_xml_file
FNDA:1,_RNvNtNtNtCs7fuCwhujkjZ_5forge3cli6export5testss_32export_artifact_nonexistent_file
FNDA:1,_RNvNtNtNtCs7fuCwhujkjZ_5forge3cli6export5testss_34export_artifact_json_to_xml_stdout
FNDA:1,_RNvNtNtNtCs7fuCwhujkjZ_5forge3cli6export5testss_35detect_format_unsupported_extension
FNDA:1,_RNvNtNtNtCs7fuCwhujkjZ_5forge3cli6export5testss_37export_artifact_unsupported_extension
FNDA:20,_RNvNtNtCs7fuCwhujkjZ_5forge3cli6export13detect_format
FNDA:11,_RNvNtNtCs7fuCwhujkjZ_5forge3cli6export15export_artifact
FNDA:10,_RNvNtNtCs7fuCwhujkjZ_5forge3cli6export15serialize_oscal
FNDA:16,_RNvNtNtCs7fuCwhujkjZ_5forge3cli6export17deserialize_oscal
FNDA:1,_RNvNtNtCs7fuCwhujkjZ_5forge3cli6export20deserialize_from_xml
FNDA:8,_RNvNtNtCs7fuCwhujkjZ_5forge3cli6export20validate_oscal_model
FNDA:14,_RNvNtNtCs7fuCwhujkjZ_5forge3cli6export21deserialize_from_json
FNDA:1,_RNvNtNtCs7fuCwhujkjZ_5forge3cli6export23detect_xml_root_element
FNDA:1,_RNvNtNtCs7fuCwhujkjZ_5forge3cli6export28deserialize_from_yaml_format
FNDA:18,_RNCNvNtNtCs7fuCwhujkjZ_5forge3cli6export13detect_format0B7_
FNDA:2,_RNCNvNtNtCs7fuCwhujkjZ_5forge3cli6export13detect_formats_0B7_
FNDA:0,_RNCNvNtNtCs7fuCwhujkjZ_5forge3cli6export15export_artifact0B7_
FNDA:0,_RNCNvNtNtCs7fuCwhujkjZ_5forge3cli6export15serialize_oscal0B7_
FNDA:0,_RNCNvNtNtCs7fuCwhujkjZ_5forge3cli6export20validate_oscal_model0B7_
FNDA:0,_RNCNvNtNtCs7fuCwhujkjZ_5forge3cli6export20validate_oscal_models0_0B7_
FNDA:0,_RNCNvNtNtCs7fuCwhujkjZ_5forge3cli6export20validate_oscal_models1_0B7_
FNDA:0,_RNCNvNtNtCs7fuCwhujkjZ_5forge3cli6export20validate_oscal_models_0B7_
FNDA:1,_RNCNvNtNtCs7fuCwhujkjZ_5forge3cli6export21deserialize_from_json0B7_
FNDA:0,_RNCNvNtNtCs7fuCwhujkjZ_5forge3cli6export21deserialize_from_jsons0_0B7_
FNDA:0,_RNCNvNtNtCs7fuCwhujkjZ_5forge3cli6export21deserialize_from_jsons1_0B7_
FNDA:1,_RNCNvNtNtCs7fuCwhujkjZ_5forge3cli6export21deserialize_from_jsons_0B7_
FNDA:0,_RNCNvNtNtCs7fuCwhujkjZ_5forge3cli6export28deserialize_from_yaml_format0B7_
FNDA:0,_RNCNvNtNtCs7fuCwhujkjZ_5forge3cli6export28deserialize_from_yaml_formats0_0B7_
FNDA:0,_RNCNvNtNtCs7fuCwhujkjZ_5forge3cli6export28deserialize_from_yaml_formats_0B7_
FNF:52
FNH:41
DA:26,63
DA:27,63
DA:28,63
DA:29,63
DA:30,63
DA:32,61
DA:33,61
DA:34,61
DA:35,33
DA:36,18
DA:37,2
DA:39,63
DA:49,59
DA:50,59
DA:51,59
DA:52,34
DA:53,13
DA:54,12
DA:56,59
DA:59,34
DA:60,34
DA:61,34
DA:63,33
DA:64,2
DA:65,2
DA:66,2
DA:67,2
DA:69,31
DA:71,22
DA:72,22
DA:73,0
DA:74,0
DA:75,22
DA:78,9
DA:79,9
DA:80,0
DA:81,0
DA:82,9
DA:84,0
DA:85,0
DA:86,0
DA:88,34
DA:93,13
DA:97,13
DA:98,13
DA:99,13
DA:100,9
DA:101,9
DA:103,4
DA:104,4
DA:105,4
DA:107,0
DA:108,0
DA:109,0
DA:110,0
DA:111,0
DA:112,0
DA:113,0
DA:114,0
DA:115,0
DA:117,13
DA:120,13
DA:124,13
DA:126,39
DA:127,13
DA:128,13
DA:129,13
DA:132,0
DA:133,0
DA:134,0
DA:136,0
DA:137,0
DA:139,26
DA:142,13
DA:145,12
DA:147,12
DA:149,12
DA:150,0
DA:151,0
DA:152,0
DA:153,0
DA:155,12
DA:157,8
DA:158,8
DA:159,0
DA:160,0
DA:161,8
DA:164,4
DA:165,4
DA:166,0
DA:167,0
DA:168,4
DA:170,0
DA:171,0
DA:172,0
DA:174,12
DA:180,52
DA:181,52
DA:182,52
DA:184,20
DA:185,15
DA:186,5
DA:188,20
DA:190,19
DA:191,14
DA:192,14
DA:194,5
DA:195,5
DA:196,5
DA:200,13
DA:201,8
DA:202,5
DA:205,52
DA:215,50
DA:216,50
DA:217,50
DA:218,36
DA:219,36
DA:220,0
DA:221,0
DA:222,0
DA:223,0
DA:224,36
DA:226,14
DA:227,14
DA:228,0
DA:229,0
DA:230,0
DA:231,0
DA:232,14
DA:236,50
DA:237,50
DA:239,50
DA:240,50
DA:241,50
DA:243,0
DA:244,0
DA:245,0
DA:246,0
DA:247,0
DA:248,0
DA:249,0
DA:251,50
DA:257,55
DA:258,55
DA:259,55
DA:260,55
DA:261,55
DA:262,55
DA:265,55
DA:266,2
DA:267,53
DA:270,53
DA:273,53
DA:274,53
DA:275,0
DA:277,0
DA:279,0
DA:282,53
DA:283,1
DA:284,52
DA:287,52
DA:288,50
DA:291,50
DA:292,48
DA:295,48
DA:296,48
DA:299,48
DA:300,48
DA:303,48
DA:304,47
DA:306,47
DA:307,55
DA:313,26
DA:314,26
DA:315,26
DA:316,26
DA:317,26
DA:318,26
DA:319,26
DA:332,1
DA:333,1
DA:334,1
DA:335,1
DA:338,1
DA:339,1
DA:340,1
DA:341,1
DA:344,1
DA:345,1
DA:346,1
DA:347,1
DA:350,1
DA:351,1
DA:352,1
DA:353,1
DA:356,1
DA:357,1
DA:358,1
DA:359,1
DA:360,1
DA:361,1
DA:362,1
DA:365,1
DA:366,1
DA:367,1
DA:368,1
DA:369,1
DA:370,1
DA:373,1
DA:374,1
DA:375,1
DA:376,1
DA:377,1
DA:384,1
DA:385,1
DA:386,1
DA:387,1
DA:388,1
DA:391,1
DA:392,1
DA:393,1
DA:394,1
DA:395,1
DA:402,1
DA:403,1
DA:404,1
DA:405,1
DA:406,1
DA:407,1
DA:408,1
DA:415,1
DA:416,1
DA:417,1
DA:418,1
DA:419,1
DA:420,1
DA:421,1
DA:428,1
DA:429,1
DA:430,1
DA:431,1
DA:432,1
DA:435,1
DA:436,1
DA:437,1
DA:438,1
DA:439,1
DA:446,1
DA:447,1
DA:448,1
DA:449,1
DA:450,1
DA:453,1
DA:454,1
DA:455,1
DA:456,1
DA:457,1
DA:458,1
DA:459,1
DA:460,1
DA:461,1
DA:468,1
DA:469,1
DA:470,1
DA:471,1
DA:472,1
DA:473,1
DA:480,1
DA:481,1
DA:482,1
DA:483,1
DA:484,1
DA:485,1
DA:492,1
DA:493,1
DA:494,1
DA:495,1
DA:496,1
DA:503,1
DA:504,1
DA:505,1
DA:506,1
DA:507,1
DA:508,1
DA:509,1
DA:516,1
DA:517,1
DA:518,1
DA:519,1
DA:520,1
DA:527,1
DA:528,1
DA:529,1
DA:530,1
DA:531,1
DA:532,1
DA:533,1
DA:540,1
DA:541,1
DA:542,1
DA:543,1
DA:544,1
DA:545,1
DA:546,1
DA:553,1
DA:554,1
DA:555,1
DA:557,1
DA:558,1
DA:560,1
DA:561,1
DA:564,1
DA:571,1
DA:572,1
DA:573,1
DA:574,1
DA:575,1
DA:576,1
DA:577,1
DA:578,1
DA:579,1
DA:580,1
DA:581,1
DA:588,1
DA:589,1
DA:590,1
DA:591,1
DA:592,1
DA:593,1
DA:594,1
DA:595,1
DA:596,1
DA:597,1
DA:598,1
DA:610,1
DA:611,1
DA:612,1
DA:613,1
DA:614,1
DA:615,1
DA:616,1
DA:617,1
DA:618,1
DA:619,1
DA:626,1
DA:627,1
DA:628,1
DA:629,1
DA:630,1
DA:631,1
DA:632,1
DA:633,1
DA:634,1
DA:635,1
BRF:0
BRH:0
LF:374
LH:310
end_of_record
SF:/Volumes/external/repos/forge/src/cli/mod.rs
FN:308,_RNCNvNtCsjIej9xlZGE_5forge3cli7execute0B5_
FN:244,_RNvNtCsjIej9xlZGE_5forge3cli7execute
FN:308,_RNCNvNtCs7fuCwhujkjZ_5forge3cli7execute0B5_
FN:244,_RNvNtCs7fuCwhujkjZ_5forge3cli7execute
FN:744,_RNvNtNtCs7fuCwhujkjZ_5forge3cli5testss_21parse_diff_subcommand
FN:519,_RNvNtNtCs7fuCwhujkjZ_5forge3cli5testss_22parse_trace_subcommand
FN:532,_RNvNtNtCs7fuCwhujkjZ_5forge3cli5testss_23parse_trace_with_output
FN:336,_RNvNtNtCs7fuCwhujkjZ_5forge3cli5testss_24parse_convert_subcommand
FN:497,_RNvNtNtCs7fuCwhujkjZ_5forge3cli5testss_24parse_resolve_check_flag
FN:454,_RNvNtNtCs7fuCwhujkjZ_5forge3cli5testss_24parse_resolve_subcommand
FN:355,_RNvNtNtCs7fuCwhujkjZ_5forge3cli5testss_25parse_validate_subcommand
FN:738,_RNvNtNtCs7fuCwhujkjZ_5forge3cli5testss_26verbose_and_quiet_conflict
FN:704,_RNvNtNtCs7fuCwhujkjZ_5forge3cli5testss_28parse_import_ssp_flag_absent
FN:629,_RNvNtNtCs7fuCwhujkjZ_5forge3cli5testss_28parse_jobs_flag_257_rejected
FN:557,_RNvNtNtCs7fuCwhujkjZ_5forge3cli5testss_29parse_convert_multiple_inputs
FN:409,_RNvNtNtCs7fuCwhujkjZ_5forge3cli5testss_30parse_convert_with_all_options
FN:571,_RNvNtNtCs7fuCwhujkjZ_5forge3cli5testss_30parse_jobs_flag_explicit_value
FN:470,_RNvNtNtCs7fuCwhujkjZ_5forge3cli5testss_30parse_resolve_with_all_options
FN:763,_RNvNtNtCs7fuCwhujkjZ_5forge3cli5testss_30parse_validate_round_trip_flag
FN:654,_RNvNtNtCs7fuCwhujkjZ_5forge3cli5testss_31parse_convert_with_summary_flag
FN:643,_RNvNtNtCs7fuCwhujkjZ_5forge3cli5testss_31parse_jobs_flag_default_is_zero
FN:685,_RNvNtNtCs7fuCwhujkjZ_5forge3cli5testss_32parse_import_ssp_flag_with_value
FN:551,_RNvNtNtCs7fuCwhujkjZ_5forge3cli5testss_32parse_trace_missing_source_fails
FN:590,_RNvNtNtCs7fuCwhujkjZ_5forge3cli5testss_33parse_jobs_flag_one_is_sequential
FN:715,_RNvNtNtCs7fuCwhujkjZ_5forge3cli5testss_34parse_import_ssp_flag_empty_string
FN:434,_RNvNtNtCs7fuCwhujkjZ_5forge3cli5testss_36parse_convert_missing_strategy_fails
FN:755,_RNvNtNtCs7fuCwhujkjZ_5forge3cli5testss_37parse_diff_missing_new_artifact_fails
FN:609,_RNvNtNtCs7fuCwhujkjZ_5forge3cli5testss_37parse_jobs_flag_zero_accepted_as_auto
FN:780,_RNvNtNtCs7fuCwhujkjZ_5forge3cli5testss_37parse_validate_round_trip_with_output
FN:799,_RNvNtNtCs7fuCwhujkjZ_5forge3cli5testss_38parse_validate_round_trip_with_timeout
FN:510,_RNvNtNtCs7fuCwhujkjZ_5forge3cli5testss_39convert_command_unaffected_by_oscal_cli
FN:380,_RNvNtNtCs7fuCwhujkjZ_5forge3cli5testss_39parse_validate_with_schema_type_catalog
FN:837,_RNvNtNtCs7fuCwhujkjZ_5forge3cli5testss_42parse_validate_round_trip_with_all_options
FN:440,_RNvNtNtCs7fuCwhujkjZ_5forge3cli5testss_45parse_convert_missing_format_defaults_to_json
FN:818,_RNvNtNtCs7fuCwhujkjZ_5forge3cli5testss_45parse_validate_round_trip_with_oscal_cli_path
FN:885,_RNvNtNtCs7fuCwhujkjZ_5forge3cli5testss_47parse_validate_timeout_without_round_trip_fails
FN:903,_RNvNtNtCs7fuCwhujkjZ_5forge3cli5testss_48parse_validate_schema_type_with_round_trip_fails
FN:875,_RNvNtNtCs7fuCwhujkjZ_5forge3cli5testss_48parse_validate_without_round_trip_defaults_false
FN:672,_RNvNtNtCs7fuCwhujkjZ_5forge3cli5testss_49parse_convert_without_summary_flag_defaults_false
FN:916,_RNvNtNtCs7fuCwhujkjZ_5forge3cli5testss_49parse_validate_output_without_round_trip_succeeds
FN:392,_RNvNtNtCs7fuCwhujkjZ_5forge3cli5testss_52parse_validate_with_schema_type_component_definition
FN:891,_RNvNtNtCs7fuCwhujkjZ_5forge3cli5testss_54parse_validate_oscal_cli_path_without_round_trip_fails
FNDA:0,_RNCNvNtCsjIej9xlZGE_5forge3cli7execute0B5_
FNDA:208,_RNvNtCsjIej9xlZGE_5forge3cli7execute
FNDA:0,_RNCNvNtCs7fuCwhujkjZ_5forge3cli7execute0B5_
FNDA:0,_RNvNtCs7fuCwhujkjZ_5forge3cli7execute
FNDA:1,_RNvNtNtCs7fuCwhujkjZ_5forge3cli5testss_21parse_diff_subcommand
FNDA:1,_RNvNtNtCs7fuCwhujkjZ_5forge3cli5testss_22parse_trace_subcommand
FNDA:1,_RNvNtNtCs7fuCwhujkjZ_5forge3cli5testss_23parse_trace_with_output
FNDA:1,_RNvNtNtCs7fuCwhujkjZ_5forge3cli5testss_24parse_convert_subcommand
FNDA:1,_RNvNtNtCs7fuCwhujkjZ_5forge3cli5testss_24parse_resolve_check_flag
FNDA:1,_RNvNtNtCs7fuCwhujkjZ_5forge3cli5testss_24parse_resolve_subcommand
FNDA:1,_RNvNtNtCs7fuCwhujkjZ_5forge3cli5testss_25parse_validate_subcommand
FNDA:1,_RNvNtNtCs7fuCwhujkjZ_5forge3cli5testss_26verbose_and_quiet_conflict
FNDA:1,_RNvNtNtCs7fuCwhujkjZ_5forge3cli5testss_28parse_import_ssp_flag_absent
FNDA:1,_RNvNtNtCs7fuCwhujkjZ_5forge3cli5testss_28parse_jobs_flag_257_rejected
FNDA:1,_RNvNtNtCs7fuCwhujkjZ_5forge3cli5testss_29parse_convert_multiple_inputs
FNDA:1,_RNvNtNtCs7fuCwhujkjZ_5forge3cli5testss_30parse_convert_with_all_options
FNDA:1,_RNvNtNtCs7fuCwhujkjZ_5forge3cli5testss_30parse_jobs_flag_explicit_value
FNDA:1,_RNvNtNtCs7fuCwhujkjZ_5forge3cli5testss_30parse_resolve_with_all_options
FNDA:1,_RNvNtNtCs7fuCwhujkjZ_5forge3cli5testss_30parse_validate_round_trip_flag
FNDA:1,_RNvNtNtCs7fuCwhujkjZ_5forge3cli5testss_31parse_convert_with_summary_flag
FNDA:1,_RNvNtNtCs7fuCwhujkjZ_5forge3cli5testss_31parse_jobs_flag_default_is_zero
FNDA:1,_RNvNtNtCs7fuCwhujkjZ_5forge3cli5testss_32parse_import_ssp_flag_with_value
FNDA:1,_RNvNtNtCs7fuCwhujkjZ_5forge3cli5testss_32parse_trace_missing_source_fails
FNDA:1,_RNvNtNtCs7fuCwhujkjZ_5forge3cli5testss_33parse_jobs_flag_one_is_sequential
FNDA:1,_RNvNtNtCs7fuCwhujkjZ_5forge3cli5testss_34parse_import_ssp_flag_empty_string
FNDA:1,_RNvNtNtCs7fuCwhujkjZ_5forge3cli5testss_36parse_convert_missing_strategy_fails
FNDA:1,_RNvNtNtCs7fuCwhujkjZ_5forge3cli5testss_37parse_diff_missing_new_artifact_fails
FNDA:1,_RNvNtNtCs7fuCwhujkjZ_5forge3cli5testss_37parse_jobs_flag_zero_accepted_as_auto
FNDA:1,_RNvNtNtCs7fuCwhujkjZ_5forge3cli5testss_37parse_validate_round_trip_with_output
FNDA:1,_RNvNtNtCs7fuCwhujkjZ_5forge3cli5testss_38parse_validate_round_trip_with_timeout
FNDA:1,_RNvNtNtCs7fuCwhujkjZ_5forge3cli5testss_39convert_command_unaffected_by_oscal_cli
FNDA:1,_RNvNtNtCs7fuCwhujkjZ_5forge3cli5testss_39parse_validate_with_schema_type_catalog
FNDA:1,_RNvNtNtCs7fuCwhujkjZ_5forge3cli5testss_42parse_validate_round_trip_with_all_options
FNDA:1,_RNvNtNtCs7fuCwhujkjZ_5forge3cli5testss_45parse_convert_missing_format_defaults_to_json
FNDA:1,_RNvNtNtCs7fuCwhujkjZ_5forge3cli5testss_45parse_validate_round_trip_with_oscal_cli_path
FNDA:1,_RNvNtNtCs7fuCwhujkjZ_5forge3cli5testss_47parse_validate_timeout_without_round_trip_fails
FNDA:1,_RNvNtNtCs7fuCwhujkjZ_5forge3cli5testss_48parse_validate_schema_type_with_round_trip_fails
FNDA:1,_RNvNtNtCs7fuCwhujkjZ_5forge3cli5testss_48parse_validate_without_round_trip_defaults_false
FNDA:1,_RNvNtNtCs7fuCwhujkjZ_5forge3cli5testss_49parse_convert_without_summary_flag_defaults_false
FNDA:1,_RNvNtNtCs7fuCwhujkjZ_5forge3cli5testss_49parse_validate_output_without_round_trip_succeeds
FNDA:1,_RNvNtNtCs7fuCwhujkjZ_5forge3cli5testss_52parse_validate_with_schema_type_component_definition
FNDA:1,_RNvNtNtCs7fuCwhujkjZ_5forge3cli5testss_54parse_validate_oscal_cli_path_without_round_trip_fails
FNF:40
FNH:39
DA:244,208
DA:245,208
DA:247,134
DA:248,134
DA:249,134
DA:250,134
DA:251,134
DA:252,134
DA:253,134
DA:254,134
DA:255,134
DA:256,134
DA:258,134
DA:259,1
DA:260,133
DA:261,133
DA:262,133
DA:263,133
DA:264,133
DA:265,133
DA:266,133
DA:267,133
DA:268,133
DA:269,133
DA:270,133
DA:271,133
DA:272,133
DA:273,133
DA:274,133
DA:276,26
DA:277,26
DA:280,20
DA:281,20
DA:282,20
DA:283,20
DA:284,20
DA:285,20
DA:286,20
DA:288,20
DA:289,0
DA:290,0
DA:291,0
DA:292,0
DA:293,0
DA:294,0
DA:297,20
DA:300,0
DA:301,0
DA:302,0
DA:303,0
DA:304,0
DA:305,0
DA:307,0
DA:308,0
DA:309,0
DA:310,0
DA:312,0
DA:313,0
DA:315,28
DA:316,28
DA:317,28
DA:318,28
DA:319,28
DA:320,28
DA:321,28
DA:322,28
DA:323,28
DA:327,208
DA:336,1
DA:337,1
DA:338,1
DA:339,1
DA:340,1
DA:341,1
DA:342,1
DA:343,1
DA:344,1
DA:345,1
DA:346,1
DA:347,1
DA:348,1
DA:350,0
DA:352,1
DA:355,1
DA:356,1
DA:358,1
DA:359,1
DA:360,1
DA:361,1
DA:362,1
DA:363,1
DA:364,1
DA:365,1
DA:367,1
DA:368,1
DA:369,1
DA:370,1
DA:371,1
DA:372,1
DA:373,1
DA:375,0
DA:377,1
DA:380,1
DA:381,1
DA:382,1
DA:383,1
DA:384,1
DA:385,1
DA:387,0
DA:389,1
DA:392,1
DA:393,1
DA:394,1
DA:395,1
DA:396,1
DA:397,1
DA:398,1
DA:399,1
DA:400,1
DA:401,1
DA:402,1
DA:404,0
DA:406,1
DA:409,1
DA:410,1
DA:411,1
DA:412,1
DA:413,1
DA:414,1
DA:415,1
DA:416,1
DA:417,1
DA:418,1
DA:419,1
DA:420,1
DA:421,1
DA:423,1
DA:424,1
DA:425,1
DA:426,1
DA:427,1
DA:429,0
DA:431,1
DA:434,1
DA:435,1
DA:436,1
DA:437,1
DA:440,1
DA:442,1
DA:443,1
DA:444,1
DA:445,1
DA:447,0
DA:449,1
DA:454,1
DA:455,1
DA:456,1
DA:457,1
DA:458,1
DA:459,1
DA:460,1
DA:461,1
DA:463,0
DA:465,1
DA:470,1
DA:471,1
DA:472,1
DA:473,1
DA:474,1
DA:475,1
DA:476,1
DA:477,1
DA:478,1
DA:479,1
DA:480,1
DA:481,1
DA:482,1
DA:483,1
DA:484,1
DA:485,1
DA:486,1
DA:487,1
DA:488,1
DA:490,0
DA:492,1
DA:497,1
DA:498,1
DA:499,1
DA:500,1
DA:501,1
DA:503,0
DA:505,1
DA:510,1
DA:511,1
DA:512,1
DA:513,1
DA:514,1
DA:519,1
DA:520,1
DA:521,1
DA:522,1
DA:523,1
DA:524,1
DA:525,1
DA:527,0
DA:529,1
DA:532,1
DA:533,1
DA:534,1
DA:535,1
DA:536,1
DA:537,1
DA:538,1
DA:539,1
DA:540,1
DA:541,1
DA:542,1
DA:543,1
DA:544,1
DA:546,0
DA:548,1
DA:551,1
DA:552,1
DA:553,1
DA:554,1
DA:557,1
DA:558,1
DA:559,1
DA:560,1
DA:561,1
DA:562,1
DA:564,0
DA:566,1
DA:571,1
DA:572,1
DA:573,1
DA:574,1
DA:575,1
DA:576,1
DA:577,1
DA:578,1
DA:579,1
DA:580,1
DA:581,1
DA:582,1
DA:583,1
DA:585,0
DA:587,1
DA:590,1
DA:591,1
DA:592,1
DA:593,1
DA:594,1
DA:595,1
DA:596,1
DA:597,1
DA:598,1
DA:599,1
DA:600,1
DA:601,1
DA:602,1
DA:604,0
DA:606,1
DA:609,1
DA:611,1
DA:612,1
DA:613,1
DA:614,1
DA:615,1
DA:616,1
DA:617,1
DA:618,1
DA:619,1
DA:620,1
DA:621,1
DA:622,1
DA:624,0
DA:626,1
DA:629,1
DA:630,1
DA:631,1
DA:632,1
DA:633,1
DA:634,1
DA:635,1
DA:636,1
DA:637,1
DA:638,1
DA:639,1
DA:640,1
DA:643,1
DA:644,1
DA:645,1
DA:646,1
DA:647,1
DA:649,0
DA:651,1
DA:654,1
DA:655,1
DA:656,1
DA:657,1
DA:658,1
DA:659,1
DA:660,1
DA:661,1
DA:662,1
DA:663,1
DA:664,1
DA:665,1
DA:667,0
DA:669,1
DA:672,1
DA:673,1
DA:674,1
DA:675,1
DA:676,1
DA:678,0
DA:680,1
DA:685,1
DA:686,1
DA:687,1
DA:688,1
DA:689,1
DA:690,1
DA:691,1
DA:692,1
DA:693,1
DA:694,1
DA:695,1
DA:696,1
DA:697,1
DA:699,0
DA:701,1
DA:704,1
DA:705,1
DA:706,1
DA:707,1
DA:708,1
DA:710,0
DA:712,1
DA:715,1
DA:716,1
DA:717,1
DA:718,1
DA:719,1
DA:720,1
DA:721,1
DA:722,1
DA:723,1
DA:724,1
DA:725,1
DA:726,1
DA:727,1
DA:729,1
DA:733,0
DA:735,1
DA:738,1
DA:739,1
DA:740,1
DA:741,1
DA:744,1
DA:745,1
DA:746,1
DA:747,1
DA:748,1
DA:750,0
DA:752,1
DA:755,1
DA:756,1
DA:757,1
DA:758,1
DA:763,1
DA:764,1
DA:765,1
DA:766,1
DA:767,1
DA:769,1
DA:770,1
DA:771,1
DA:772,1
DA:773,1
DA:775,0
DA:777,1
DA:780,1
DA:781,1
DA:782,1
DA:783,1
DA:784,1
DA:785,1
DA:786,1
DA:787,1
DA:788,1
DA:789,1
DA:790,1
DA:791,1
DA:792,1
DA:794,0
DA:796,1
DA:799,1
DA:800,1
DA:801,1
DA:802,1
DA:803,1
DA:804,1
DA:805,1
DA:806,1
DA:807,1
DA:808,1
DA:809,1
DA:810,1
DA:811,1
DA:813,0
DA:815,1
DA:818,1
DA:819,1
DA:820,1
DA:821,1
DA:822,1
DA:823,1
DA:824,1
DA:825,1
DA:826,1
DA:827,1
DA:828,1
DA:829,1
DA:830,1
DA:832,0
DA:834,1
DA:837,1
DA:838,1
DA:839,1
DA:840,1
DA:841,1
DA:842,1
DA:843,1
DA:844,1
DA:845,1
DA:846,1
DA:847,1
DA:848,1
DA:849,1
DA:850,1
DA:851,1
DA:852,1
DA:854,1
DA:855,1
DA:856,1
DA:857,1
DA:858,1
DA:859,1
DA:861,1
DA:863,1
DA:864,1
DA:865,1
DA:866,1
DA:867,1
DA:868,1
DA:870,0
DA:872,1
DA:875,1
DA:876,1
DA:877,1
DA:878,1
DA:880,0
DA:882,1
DA:885,1
DA:886,1
DA:887,1
DA:888,1
DA:891,1
DA:892,1
DA:893,1
DA:894,1
DA:895,1
DA:896,1
DA:897,1
DA:898,1
DA:899,1
DA:900,1
DA:903,1
DA:904,1
DA:905,1
DA:906,1
DA:907,1
DA:908,1
DA:909,1
DA:910,1
DA:911,1
DA:912,1
DA:913,1
DA:916,1
DA:917,1
DA:918,1
DA:919,1
DA:920,1
DA:921,1
DA:922,1
DA:924,0
DA:926,1
BRF:0
BRH:0
LF:500
LH:452
end_of_record
SF:/Volumes/external/repos/forge/src/cli/output.rs
FN:16,_RNvNtNtCsjIej9xlZGE_5forge3cli6output12write_output
FN:16,_RNvNtNtCs7fuCwhujkjZ_5forge3cli6output12write_output
FNDA:297,_RNvNtNtCsjIej9xlZGE_5forge3cli6output12write_output
FNDA:6,_RNvNtNtCs7fuCwhujkjZ_5forge3cli6output12write_output
FNF:1
FNH:1
DA:16,303
DA:17,303
DA:19,57
DA:20,57
DA:21,57
DA:22,0
DA:23,0
DA:25,57
DA:26,57
DA:27,0
DA:28,0
DA:30,57
DA:32,246
DA:33,246
DA:34,246
DA:35,246
DA:37,1
DA:38,1
DA:39,1
DA:40,1
DA:41,245
DA:42,245
DA:43,244
DA:46,303
BRF:0
BRH:0
LF:24
LH:20
end_of_record
SF:/Volumes/external/repos/forge/src/cli/profile.rs
FN:150,_RNCNvNtNtCsjIej9xlZGE_5forge3cli7profile21parse_set_param_pairs0B7_
FN:99,_RNCNvNtNtCsjIej9xlZGE_5forge3cli7profile7execute0B7_
FN:123,_RNCNvNtNtCsjIej9xlZGE_5forge3cli7profile7executes_0B7_
FN:143,_RNvNtNtCsjIej9xlZGE_5forge3cli7profile21parse_set_param_pairs
FN:40,_RNvNtNtCsjIej9xlZGE_5forge3cli7profile7execute
FN:150,_RNCNvNtNtCs7fuCwhujkjZ_5forge3cli7profile21parse_set_param_pairs0B7_
FN:99,_RNCNvNtNtCs7fuCwhujkjZ_5forge3cli7profile7execute0B7_
FN:123,_RNCNvNtNtCs7fuCwhujkjZ_5forge3cli7profile7executes_0B7_
FN:143,_RNvNtNtCs7fuCwhujkjZ_5forge3cli7profile21parse_set_param_pairs
FN:40,_RNvNtNtCs7fuCwhujkjZ_5forge3cli7profile7execute
FNDA:15,_RNCNvNtNtCsjIej9xlZGE_5forge3cli7profile21parse_set_param_pairs0B7_
FNDA:0,_RNCNvNtNtCsjIej9xlZGE_5forge3cli7profile7execute0B7_
FNDA:0,_RNCNvNtNtCsjIej9xlZGE_5forge3cli7profile7executes_0B7_
FNDA:31,_RNvNtNtCsjIej9xlZGE_5forge3cli7profile21parse_set_param_pairs
FNDA:31,_RNvNtNtCsjIej9xlZGE_5forge3cli7profile7execute
FNDA:0,_RNCNvNtNtCs7fuCwhujkjZ_5forge3cli7profile21parse_set_param_pairs0B7_
FNDA:0,_RNCNvNtNtCs7fuCwhujkjZ_5forge3cli7profile7execute0B7_
FNDA:0,_RNCNvNtNtCs7fuCwhujkjZ_5forge3cli7profile7executes_0B7_
FNDA:0,_RNvNtNtCs7fuCwhujkjZ_5forge3cli7profile21parse_set_param_pairs
FNDA:0,_RNvNtNtCs7fuCwhujkjZ_5forge3cli7profile7execute
FNF:5
FNH:3
DA:40,31
DA:41,31
DA:42,31
DA:43,31
DA:44,31
DA:45,31
DA:46,31
DA:47,31
DA:48,31
DA:50,31
DA:51,31
DA:52,15
DA:53,0
DA:54,0
DA:55,0
DA:56,15
DA:58,31
DA:59,0
DA:61,0
DA:65,31
DA:66,26
DA:67,2
DA:69,2
DA:70,1
DA:71,1
DA:72,1
DA:73,1
DA:75,1
DA:78,1
DA:81,1
DA:85,1
DA:86,1
DA:87,1
DA:92,27
DA:93,2
DA:94,25
DA:97,25
DA:98,0
DA:99,0
DA:100,0
DA:101,0
DA:102,0
DA:103,0
DA:104,0
DA:106,25
DA:110,25
DA:111,25
DA:112,25
DA:114,25
DA:115,0
DA:121,25
DA:122,25
DA:123,22
DA:124,0
DA:125,0
DA:127,2
DA:129,1
DA:133,25
DA:135,25
DA:136,31
DA:143,31
DA:144,31
DA:145,0
DA:146,0
DA:147,0
DA:148,0
DA:149,31
DA:150,31
DA:151,31
BRF:0
BRH:0
LF:74
LH:51
end_of_record
SF:/Volumes/external/repos/forge/src/cli/resolve.rs
FN:136,_RNCNvNtNtCsjIej9xlZGE_5forge3cli7resolve13execute_check0B7_
FN:153,_RNCNvNtNtCsjIej9xlZGE_5forge3cli7resolve26derive_default_output_path0B7_
FN:47,_RNCNvNtNtCsjIej9xlZGE_5forge3cli7resolve7execute0B7_
FN:63,_RNCNvNtNtCsjIej9xlZGE_5forge3cli7resolve7executes0_0B7_
FN:86,_RNCNvNtNtCsjIej9xlZGE_5forge3cli7resolve7executes1_0B7_
FN:55,_RNCNvNtNtCsjIej9xlZGE_5forge3cli7resolve7executes_0B7_
FN:127,_RNvNtNtCsjIej9xlZGE_5forge3cli7resolve13execute_check
FN:152,_RNvNtNtCsjIej9xlZGE_5forge3cli7resolve26derive_default_output_path
FN:27,_RNvNtNtCsjIej9xlZGE_5forge3cli7resolve7execute
FN:197,_RNvNtNtNtCs7fuCwhujkjZ_5forge3cli7resolve5testss_28input_not_json_returns_error
FN:191,_RNvNtNtNtCs7fuCwhujkjZ_5forge3cli7resolve5testss_29input_not_found_returns_error
FN:182,_RNvNtNtNtCs7fuCwhujkjZ_5forge3cli7resolve5testss_33derive_default_output_path_nested
FN:168,_RNvNtNtNtCs7fuCwhujkjZ_5forge3cli7resolve5testss_35derive_default_output_path_standard
FN:175,_RNvNtNtNtCs7fuCwhujkjZ_5forge3cli7resolve5testss_36derive_default_output_path_no_parent
FN:220,_RNvNtNtNtCs7fuCwhujkjZ_5forge3cli7resolve5testss_47check_mode_with_functional_oscal_cli_returns_ok
FN:256,_RNvNtNtNtCs7fuCwhujkjZ_5forge3cli7resolve5testss_48resolve_with_missing_oscal_cli_returns_not_found
FN:208,_RNvNtNtNtCs7fuCwhujkjZ_5forge3cli7resolve5testss_55check_mode_with_unavailable_oscal_cli_returns_not_found
FN:237,_RNvNtNtNtCs7fuCwhujkjZ_5forge3cli7resolve5testss_62check_mode_with_nonfunctional_oscal_cli_returns_not_functional
FN:223,_RNvXNvNtNtNtCs7fuCwhujkjZ_5forge3cli7resolve5testss_47check_mode_with_functional_oscal_cli_returns_okNtB2_12MockDetectorNtNtBa_9oscal_cli14OscalCliDetect6detect
FN:211,_RNvXNvNtNtNtCs7fuCwhujkjZ_5forge3cli7resolve5testss_55check_mode_with_unavailable_oscal_cli_returns_not_foundNtB2_12MockDetectorNtNtBa_9oscal_cli14OscalCliDetect6detect
FN:240,_RNvXNvNtNtNtCs7fuCwhujkjZ_5forge3cli7resolve5testss_62check_mode_with_nonfunctional_oscal_cli_returns_not_functionalNtB2_12MockDetectorNtNtBa_9oscal_cli14OscalCliDetect6detect
FN:136,_RNCNvNtNtCs7fuCwhujkjZ_5forge3cli7resolve13execute_check0B7_
FN:153,_RNCNvNtNtCs7fuCwhujkjZ_5forge3cli7resolve26derive_default_output_path0B7_
FN:47,_RNCNvNtNtCs7fuCwhujkjZ_5forge3cli7resolve7execute0B7_
FN:63,_RNCNvNtNtCs7fuCwhujkjZ_5forge3cli7resolve7executes0_0B7_
FN:86,_RNCNvNtNtCs7fuCwhujkjZ_5forge3cli7resolve7executes1_0B7_
FN:55,_RNCNvNtNtCs7fuCwhujkjZ_5forge3cli7resolve7executes_0B7_
FN:127,_RNvNtNtCs7fuCwhujkjZ_5forge3cli7resolve13execute_check
FN:152,_RNvNtNtCs7fuCwhujkjZ_5forge3cli7resolve26derive_default_output_path
FN:27,_RNvNtNtCs7fuCwhujkjZ_5forge3cli7resolve7execute
FNDA:0,_RNCNvNtNtCsjIej9xlZGE_5forge3cli7resolve13execute_check0B7_
FNDA:0,_RNCNvNtNtCsjIej9xlZGE_5forge3cli7resolve26derive_default_output_path0B7_
FNDA:0,_RNCNvNtNtCsjIej9xlZGE_5forge3cli7resolve7execute0B7_
FNDA:0,_RNCNvNtNtCsjIej9xlZGE_5forge3cli7resolve7executes0_0B7_
FNDA:0,_RNCNvNtNtCsjIej9xlZGE_5forge3cli7resolve7executes1_0B7_
FNDA:0,_RNCNvNtNtCsjIej9xlZGE_5forge3cli7resolve7executes_0B7_
FNDA:0,_RNvNtNtCsjIej9xlZGE_5forge3cli7resolve13execute_check
FNDA:0,_RNvNtNtCsjIej9xlZGE_5forge3cli7resolve26derive_default_output_path
FNDA:0,_RNvNtNtCsjIej9xlZGE_5forge3cli7resolve7execute
FNDA:1,_RNvNtNtNtCs7fuCwhujkjZ_5forge3cli7resolve5testss_28input_not_json_returns_error
FNDA:1,_RNvNtNtNtCs7fuCwhujkjZ_5forge3cli7resolve5testss_29input_not_found_returns_error
FNDA:1,_RNvNtNtNtCs7fuCwhujkjZ_5forge3cli7resolve5testss_33derive_default_output_path_nested
FNDA:1,_RNvNtNtNtCs7fuCwhujkjZ_5forge3cli7resolve5testss_35derive_default_output_path_standard
FNDA:1,_RNvNtNtNtCs7fuCwhujkjZ_5forge3cli7resolve5testss_36derive_default_output_path_no_parent
FNDA:1,_RNvNtNtNtCs7fuCwhujkjZ_5forge3cli7resolve5testss_47check_mode_with_functional_oscal_cli_returns_ok
FNDA:1,_RNvNtNtNtCs7fuCwhujkjZ_5forge3cli7resolve5testss_48resolve_with_missing_oscal_cli_returns_not_found
FNDA:1,_RNvNtNtNtCs7fuCwhujkjZ_5forge3cli7resolve5testss_55check_mode_with_unavailable_oscal_cli_returns_not_found
FNDA:1,_RNvNtNtNtCs7fuCwhujkjZ_5forge3cli7resolve5testss_62check_mode_with_nonfunctional_oscal_cli_returns_not_functional
FNDA:1,_RNvXNvNtNtNtCs7fuCwhujkjZ_5forge3cli7resolve5testss_47check_mode_with_functional_oscal_cli_returns_okNtB2_12MockDetectorNtNtBa_9oscal_cli14OscalCliDetect6detect
FNDA:1,_RNvXNvNtNtNtCs7fuCwhujkjZ_5forge3cli7resolve5testss_55check_mode_with_unavailable_oscal_cli_returns_not_foundNtB2_12MockDetectorNtNtBa_9oscal_cli14OscalCliDetect6detect
FNDA:1,_RNvXNvNtNtNtCs7fuCwhujkjZ_5forge3cli7resolve5testss_62check_mode_with_nonfunctional_oscal_cli_returns_not_functionalNtB2_12MockDetectorNtNtBa_9oscal_cli14OscalCliDetect6detect
FNDA:0,_RNCNvNtNtCs7fuCwhujkjZ_5forge3cli7resolve13execute_check0B7_
FNDA:4,_RNCNvNtNtCs7fuCwhujkjZ_5forge3cli7resolve26derive_default_output_path0B7_
FNDA:0,_RNCNvNtNtCs7fuCwhujkjZ_5forge3cli7resolve7execute0B7_
FNDA:1,_RNCNvNtNtCs7fuCwhujkjZ_5forge3cli7resolve7executes0_0B7_
FNDA:0,_RNCNvNtNtCs7fuCwhujkjZ_5forge3cli7resolve7executes1_0B7_
FNDA:3,_RNCNvNtNtCs7fuCwhujkjZ_5forge3cli7resolve7executes_0B7_
FNDA:3,_RNvNtNtCs7fuCwhujkjZ_5forge3cli7resolve13execute_check
FNDA:4,_RNvNtNtCs7fuCwhujkjZ_5forge3cli7resolve26derive_default_output_path
FNDA:3,_RNvNtNtCs7fuCwhujkjZ_5forge3cli7resolve7execute
FNF:21
FNH:18
DA:27,3
DA:28,3
DA:29,3
DA:30,3
DA:31,3
DA:32,3
DA:33,3
DA:35,3
DA:36,1
DA:37,2
DA:41,3
DA:42,0
DA:43,0
DA:44,3
DA:47,3
DA:48,0
DA:49,0
DA:50,0
DA:51,0
DA:52,0
DA:55,3
DA:56,3
DA:58,1
DA:63,2
DA:64,1
DA:66,0
DA:68,0
DA:69,1
DA:72,1
DA:73,0
DA:74,1
DA:78,1
DA:80,1
DA:81,1
DA:82,0
DA:84,0
DA:86,0
DA:87,0
DA:89,0
DA:92,0
DA:93,0
DA:94,0
DA:99,0
DA:100,0
DA:103,0
DA:104,0
DA:105,0
DA:106,0
DA:107,0
DA:109,0
DA:112,0
DA:113,0
DA:116,0
DA:118,0
DA:119,3
DA:127,3
DA:128,3
DA:130,3
DA:132,1
DA:133,2
DA:135,2
DA:136,1
DA:137,1
DA:138,1
DA:139,1
DA:140,1
DA:141,1
DA:143,1
DA:145,1
DA:146,1
DA:148,1
DA:149,3
DA:152,4
DA:153,4
DA:154,4
DA:155,4
DA:156,4
DA:157,1
DA:159,4
DA:168,1
DA:169,1
DA:170,1
DA:171,1
DA:172,1
DA:175,1
DA:176,1
DA:177,1
DA:178,1
DA:179,1
DA:182,1
DA:183,1
DA:184,1
DA:185,1
DA:186,1
DA:191,1
DA:192,1
DA:193,1
DA:194,1
DA:197,1
DA:199,1
DA:200,1
DA:201,1
DA:202,1
DA:208,1
DA:211,1
DA:212,1
DA:213,1
DA:215,1
DA:216,1
DA:217,1
DA:220,1
DA:223,1
DA:224,1
DA:225,1
DA:226,1
DA:227,1
DA:228,1
DA:229,1
DA:230,1
DA:232,1
DA:233,1
DA:234,1
DA:237,1
DA:240,1
DA:241,1
DA:242,1
DA:243,1
DA:244,1
DA:245,1
DA:246,1
DA:247,1
DA:249,1
DA:250,1
DA:251,1
DA:256,1
DA:258,1
DA:260,1
DA:261,1
DA:262,1
DA:263,1
BRF:0
BRH:0
LF:148
LH:114
end_of_record
SF:/Volumes/external/repos/forge/src/cli/trace.rs
FN:14,_RNvNtNtCsjIej9xlZGE_5forge3cli5trace7execute
FN:14,_RNvNtNtCs7fuCwhujkjZ_5forge3cli5trace7execute
FNDA:0,_RNvNtNtCsjIej9xlZGE_5forge3cli5trace7execute
FNDA:0,_RNvNtNtCs7fuCwhujkjZ_5forge3cli5trace7execute
FNF:1
FNH:0
DA:14,0
DA:15,0
DA:16,0
DA:18,0
DA:19,0
DA:20,0
DA:21,0
DA:23,0
DA:24,0
BRF:0
BRH:0
LF:9
LH:0
end_of_record
SF:/Volumes/external/repos/forge/src/cli/validate.rs
FN:123,_RNvNtNtCsjIej9xlZGE_5forge3cli8validate18execute_round_trip
FN:276,_RNvNtNtCsjIej9xlZGE_5forge3cli8validate22render_round_trip_text
FN:243,_RNvNtNtCsjIej9xlZGE_5forge3cli8validate25output_round_trip_results
FN:19,_RNvNtNtCsjIej9xlZGE_5forge3cli8validate25schema_type_to_model_type
FN:35,_RNvNtNtCsjIej9xlZGE_5forge3cli8validate7execute
FN:131,_RNCNvNtNtCsjIej9xlZGE_5forge3cli8validate18execute_round_trip0B7_
FN:148,_RNCNvNtNtCsjIej9xlZGE_5forge3cli8validate18execute_round_trips0_0B7_
FN:160,_RNCNvNtNtCsjIej9xlZGE_5forge3cli8validate18execute_round_trips1_0B7_
FN:169,_RNCNvNtNtCsjIej9xlZGE_5forge3cli8validate18execute_round_trips2_0B7_
FN:185,_RNCNvNtNtCsjIej9xlZGE_5forge3cli8validate18execute_round_trips3_0B7_
FN:215,_RNCNvNtNtCsjIej9xlZGE_5forge3cli8validate18execute_round_trips4_0B7_
FN:227,_RNCNvNtNtCsjIej9xlZGE_5forge3cli8validate18execute_round_trips5_0B7_
FN:231,_RNCNvNtNtCsjIej9xlZGE_5forge3cli8validate18execute_round_trips6_0B7_
FN:231,_RNCNvNtNtCsjIej9xlZGE_5forge3cli8validate18execute_round_trips7_0B7_
FN:139,_RNCNvNtNtCsjIej9xlZGE_5forge3cli8validate18execute_round_trips_0B7_
FN:267,_RNCNvNtNtCsjIej9xlZGE_5forge3cli8validate25output_round_trip_results0B7_
FN:42,_RNCNvNtNtCsjIej9xlZGE_5forge3cli8validate7execute0B7_
FN:67,_RNCNvNtNtCsjIej9xlZGE_5forge3cli8validate7executes0_0B7_
FN:75,_RNCNvNtNtCsjIej9xlZGE_5forge3cli8validate7executes1_0B7_
FN:82,_RNCNvNtNtCsjIej9xlZGE_5forge3cli8validate7executes2_0B7_
FN:54,_RNCNvNtNtCsjIej9xlZGE_5forge3cli8validate7executes_0B7_
FN:131,_RNCNvNtNtCs7fuCwhujkjZ_5forge3cli8validate18execute_round_trip0B7_
FN:148,_RNCNvNtNtCs7fuCwhujkjZ_5forge3cli8validate18execute_round_trips0_0B7_
FN:160,_RNCNvNtNtCs7fuCwhujkjZ_5forge3cli8validate18execute_round_trips1_0B7_
FN:169,_RNCNvNtNtCs7fuCwhujkjZ_5forge3cli8validate18execute_round_trips2_0B7_
FN:185,_RNCNvNtNtCs7fuCwhujkjZ_5forge3cli8validate18execute_round_trips3_0B7_
FN:215,_RNCNvNtNtCs7fuCwhujkjZ_5forge3cli8validate18execute_round_trips4_0B7_
FN:227,_RNCNvNtNtCs7fuCwhujkjZ_5forge3cli8validate18execute_round_trips5_0B7_
FN:231,_RNCNvNtNtCs7fuCwhujkjZ_5forge3cli8validate18execute_round_trips6_0B7_
FN:231,_RNCNvNtNtCs7fuCwhujkjZ_5forge3cli8validate18execute_round_trips7_0B7_
FN:139,_RNCNvNtNtCs7fuCwhujkjZ_5forge3cli8validate18execute_round_trips_0B7_
FN:267,_RNCNvNtNtCs7fuCwhujkjZ_5forge3cli8validate25output_round_trip_results0B7_
FN:42,_RNCNvNtNtCs7fuCwhujkjZ_5forge3cli8validate7execute0B7_
FN:67,_RNCNvNtNtCs7fuCwhujkjZ_5forge3cli8validate7executes0_0B7_
FN:75,_RNCNvNtNtCs7fuCwhujkjZ_5forge3cli8validate7executes1_0B7_
FN:82,_RNCNvNtNtCs7fuCwhujkjZ_5forge3cli8validate7executes2_0B7_
FN:54,_RNCNvNtNtCs7fuCwhujkjZ_5forge3cli8validate7executes_0B7_
FN:123,_RNvNtNtCs7fuCwhujkjZ_5forge3cli8validate18execute_round_trip
FN:276,_RNvNtNtCs7fuCwhujkjZ_5forge3cli8validate22render_round_trip_text
[...]
FNDA:1,_RNvNtNtCs7fuCwhujkjZ_5forge8validate5testss_29full_validation_valid_catalog
FNDA:1,_RNvNtNtCs7fuCwhujkjZ_5forge8validate5testss_30validate_valid_minimal_catalog
FNDA:1,_RNvNtNtCs7fuCwhujkjZ_5forge8validate5testss_34validate_errors_have_instance_path
FNDA:1,_RNvNtNtCs7fuCwhujkjZ_5forge8validate5testss_37full_validation_no_raw_crate_messages
FNDA:1,_RNvNtNtCs7fuCwhujkjZ_5forge8validate5testss_37validate_error_file_too_large_display
FNDA:1,_RNvNtNtCs7fuCwhujkjZ_5forge8validate5testss_38detect_model_type_component_definition
FNDA:1,_RNvNtNtCs7fuCwhujkjZ_5forge8validate5testss_38load_schema_catalog_returns_valid_json
FNDA:1,_RNvNtNtCs7fuCwhujkjZ_5forge8validate5testss_39detect_model_type_unknown_returns_error
FNDA:1,_RNvNtNtCs7fuCwhujkjZ_5forge8validate5testss_40full_validation_semantic_errors_included
FNDA:1,_RNvNtNtCs7fuCwhujkjZ_5forge8validate5testss_41validate_error_ambiguous_artifact_display
FNDA:1,_RNvNtNtCs7fuCwhujkjZ_5forge8validate5testss_41validate_error_unknown_model_type_display
FNDA:1,_RNvNtNtCs7fuCwhujkjZ_5forge8validate5testss_41validate_invalid_catalog_missing_metadata
FNDA:1,_RNvNtNtCs7fuCwhujkjZ_5forge8validate5testss_43validate_collects_all_errors_not_just_first
FNDA:1,_RNvNtNtCs7fuCwhujkjZ_5forge8validate5testss_43validate_valid_minimal_component_definition
FNDA:1,_RNvNtNtCs7fuCwhujkjZ_5forge8validate5testss_44detect_model_type_empty_object_returns_error
FNDA:1,_RNvNtNtCs7fuCwhujkjZ_5forge8validate5testss_44detect_model_type_rejects_ambiguous_artifact
FNDA:1,_RNvNtNtCs7fuCwhujkjZ_5forge8validate5testss_45detect_model_type_rejects_three_way_ambiguity
FNDA:1,_RNvNtNtCs7fuCwhujkjZ_5forge8validate5testss_45full_validation_invalid_catalog_schema_errors
FNDA:1,_RNvNtNtCs7fuCwhujkjZ_5forge8validate5testss_47full_validation_both_schema_and_semantic_errors
FNDA:1,_RNvNtNtCs7fuCwhujkjZ_5forge8validate5testss_51load_schema_component_definition_returns_valid_json
FNDA:0,_RNCNvNtCs7fuCwhujkjZ_5forge8validate11load_schema0B5_
FNDA:0,_RNCNvNtCs7fuCwhujkjZ_5forge8validate17validate_artifact0B5_
FNDA:4,_RNCNvNtCs7fuCwhujkjZ_5forge8validate17validate_artifacts_0B5_
FNDA:0,_RNCNvNtCs7fuCwhujkjZ_5forge8validate19run_full_validation0B5_
FNDA:4,_RNCNvNtCs7fuCwhujkjZ_5forge8validate19run_full_validations_0B5_
FNF:37
FNH:34
DA:89,87
DA:91,87
DA:92,87
DA:93,54
DA:94,54
DA:95,87
DA:96,26
DA:97,61
DA:98,87
DA:99,5
DA:100,82
DA:101,87
DA:102,3
DA:103,84
DA:105,84
DA:106,51
DA:107,33
DA:108,23
DA:109,10
DA:110,4
DA:112,6
DA:114,87
DA:123,384
DA:124,384
DA:125,384
DA:127,296
DA:130,82
DA:133,6
DA:137,384
DA:138,384
DA:139,0
DA:140,0
DA:141,0
DA:142,384
DA:143,384
DA:144,384
DA:153,24
DA:154,24
DA:155,24
DA:156,24
DA:157,24
DA:159,24
DA:160,24
DA:161,0
DA:162,0
DA:163,0
DA:165,24
DA:166,24
DA:167,24
DA:168,4
DA:169,4
DA:171,4
DA:172,4
DA:173,4
DA:175,4
DA:176,24
DA:178,24
DA:179,21
DA:181,3
DA:184,24
DA:185,24
DA:194,20
DA:195,20
DA:196,20
DA:197,18
DA:198,18
DA:199,1
DA:200,1
DA:201,1
DA:202,1
DA:203,17
DA:204,17
DA:205,20
DA:220,357
DA:221,357
DA:222,357
DA:223,357
DA:224,357
DA:225,357
DA:227,357
DA:228,357
DA:229,0
DA:230,0
DA:231,0
DA:234,357
DA:235,357
DA:236,357
DA:237,357
DA:240,357
DA:241,357
DA:244,357
DA:245,357
DA:247,357
DA:248,347
DA:250,10
DA:253,357
DA:254,357
DA:263,1
DA:264,1
DA:265,1
DA:266,1
DA:267,1
DA:270,1
DA:271,1
DA:272,1
DA:273,1
DA:274,1
DA:277,1
DA:279,1
DA:280,1
DA:281,1
DA:282,1
DA:283,1
DA:286,1
DA:287,1
DA:288,1
DA:289,1
DA:290,1
DA:291,1
DA:296,1
DA:297,1
DA:298,1
DA:299,1
DA:300,1
DA:303,1
DA:304,1
DA:305,1
DA:306,1
DA:307,1
DA:312,1
DA:313,1
DA:314,1
DA:315,1
DA:316,1
DA:317,1
DA:318,1
DA:319,1
DA:320,1
DA:321,1
DA:322,1
DA:323,1
DA:324,1
DA:326,1
DA:327,1
DA:328,1
DA:329,1
DA:330,1
DA:331,1
DA:334,1
DA:335,1
DA:336,1
DA:337,1
DA:338,1
DA:339,1
DA:340,1
DA:342,1
DA:343,1
DA:344,1
DA:345,1
DA:346,1
DA:349,1
DA:351,1
DA:352,1
DA:353,1
DA:354,1
DA:356,1
DA:357,1
DA:358,1
DA:359,1
DA:360,1
DA:362,0
DA:365,1
DA:368,1
DA:369,1
DA:370,1
DA:371,1
DA:372,1
DA:373,1
DA:374,1
DA:375,1
DA:376,1
DA:377,1
DA:378,1
DA:379,1
DA:380,1
DA:382,1
DA:383,1
DA:385,1
DA:386,1
DA:387,1
DA:388,1
DA:391,1
DA:392,1
DA:393,1
DA:394,1
DA:395,1
DA:396,1
DA:397,1
DA:398,1
DA:399,1
DA:400,1
DA:401,1
DA:402,1
DA:403,1
DA:405,1
DA:406,1
DA:407,1
DA:408,1
DA:412,1
DA:417,1
DA:418,1
DA:419,1
DA:420,1
DA:421,1
DA:422,1
DA:423,1
DA:426,1
DA:427,1
DA:428,1
DA:429,1
DA:430,1
DA:433,1
DA:434,1
DA:439,1
DA:440,1
DA:441,1
DA:442,1
DA:443,1
DA:446,1
DA:447,1
DA:448,1
DA:449,1
DA:451,1
DA:452,1
DA:453,1
DA:454,1
DA:457,1
DA:458,1
DA:459,1
DA:460,1
DA:461,1
DA:463,1
DA:464,1
DA:465,1
DA:466,1
DA:467,1
DA:468,1
DA:469,1
DA:470,1
DA:471,1
DA:474,1
DA:475,1
DA:476,1
DA:477,1
DA:478,1
DA:481,1
DA:482,1
DA:483,1
DA:484,1
DA:487,1
DA:488,1
DA:489,1
DA:490,1
DA:491,1
DA:496,1
DA:497,1
DA:498,1
DA:499,1
DA:500,1
DA:501,1
DA:502,1
DA:503,1
DA:504,1
DA:505,1
DA:506,1
DA:507,1
DA:508,1
DA:510,1
DA:511,1
DA:512,1
DA:513,1
DA:514,1
DA:517,1
DA:518,1
DA:519,1
DA:520,1
DA:521,1
DA:522,1
DA:523,1
DA:525,1
DA:526,1
DA:527,1
DA:528,1
DA:530,1
DA:531,1
DA:532,1
DA:533,0
DA:535,1
DA:538,1
DA:540,1
DA:541,1
DA:542,1
DA:543,1
DA:544,1
DA:545,1
DA:546,1
DA:547,1
DA:548,1
DA:549,1
DA:550,1
DA:551,1
DA:552,1
DA:553,1
DA:554,1
DA:555,1
DA:556,1
DA:558,1
DA:559,1
DA:560,1
DA:561,1
DA:562,1
DA:563,1
DA:566,1
DA:568,1
DA:569,1
DA:570,1
DA:571,1
DA:572,1
DA:573,1
DA:574,1
DA:575,1
DA:576,1
DA:577,1
DA:578,1
DA:580,1
DA:581,1
DA:582,1
DA:583,1
DA:584,1
DA:586,1
DA:587,1
DA:588,1
DA:590,1
DA:593,1
DA:595,1
DA:596,1
DA:597,1
DA:598,1
DA:599,1
DA:600,1
DA:602,1
DA:603,1
DA:604,2
DA:605,2
DA:606,2
DA:610,2
DA:612,1
BRF:0
BRH:0
LF:365
LH:351
end_of_record
SF:/Volumes/external/repos/forge/src/validate/report.rs
FN:94,_RNvNtNtCsjIej9xlZGE_5forge8validate6report18render_json_report
FN:22,_RNvNtNtCsjIej9xlZGE_5forge8validate6report18render_text_report
FN:95,_RNCNvNtNtCsjIej9xlZGE_5forge8validate6report18render_json_report0B7_
FN:49,_RNCNvNtNtCsjIej9xlZGE_5forge8validate6report18render_text_report0B7_
FN:69,_RNCNvNtNtCsjIej9xlZGE_5forge8validate6report18render_text_reports_0B7_
FN:106,_RNvNtNtNtCs7fuCwhujkjZ_5forge8validate6report5tests17make_schema_error
FN:116,_RNvNtNtNtCs7fuCwhujkjZ_5forge8validate6report5tests19make_semantic_error
FN:219,_RNvNtNtNtCs7fuCwhujkjZ_5forge8validate6report5testss_15json_round_trip
FN:184,_RNvNtNtNtCs7fuCwhujkjZ_5forge8validate6report5testss_17json_valid_report
FN:129,_RNvNtNtNtCs7fuCwhujkjZ_5forge8validate6report5testss_17text_valid_report
FN:193,_RNvNtNtNtCs7fuCwhujkjZ_5forge8validate6report5testss_23json_report_with_errors
FN:136,_RNvNtNtNtCs7fuCwhujkjZ_5forge8validate6report5testss_24text_single_schema_error
FN:160,_RNvNtNtNtCs7fuCwhujkjZ_5forge8validate6report5testss_32text_50_plus_errors_all_rendered
FN:146,_RNvNtNtNtCs7fuCwhujkjZ_5forge8validate6report5testss_37text_mixed_errors_grouped_by_category
FN:172,_RNvNtNtNtCs7fuCwhujkjZ_5forge8validate6report5testss_39text_deeply_nested_path_displayed_fully
FN:205,_RNvNtNtNtCs7fuCwhujkjZ_5forge8validate6report5testss_40json_report_contains_only_defined_fields
FN:95,_RNCNvNtNtCs7fuCwhujkjZ_5forge8validate6report18render_json_report0B7_
FN:49,_RNCNvNtNtCs7fuCwhujkjZ_5forge8validate6report18render_text_report0B7_
FN:69,_RNCNvNtNtCs7fuCwhujkjZ_5forge8validate6report18render_text_reports_0B7_
FN:163,_RNCNvNtNtNtCs7fuCwhujkjZ_5forge8validate6report5testss_32text_50_plus_errors_all_rendered0B9_
FN:94,_RNvNtNtCs7fuCwhujkjZ_5forge8validate6report18render_json_report
FN:22,_RNvNtNtCs7fuCwhujkjZ_5forge8validate6report18render_text_report
FNDA:0,_RNvNtNtCsjIej9xlZGE_5forge8validate6report18render_json_report
FNDA:4,_RNvNtNtCsjIej9xlZGE_5forge8validate6report18render_text_report
FNDA:0,_RNCNvNtNtCsjIej9xlZGE_5forge8validate6report18render_json_report0B7_
FNDA:10,_RNCNvNtNtCsjIej9xlZGE_5forge8validate6report18render_text_report0B7_
FNDA:10,_RNCNvNtNtCsjIej9xlZGE_5forge8validate6report18render_text_reports_0B7_
FNDA:61,_RNvNtNtNtCs7fuCwhujkjZ_5forge8validate6report5tests17make_schema_error
FNDA:2,_RNvNtNtNtCs7fuCwhujkjZ_5forge8validate6report5tests19make_semantic_error
FNDA:1,_RNvNtNtNtCs7fuCwhujkjZ_5forge8validate6report5testss_15json_round_trip
FNDA:1,_RNvNtNtNtCs7fuCwhujkjZ_5forge8validate6report5testss_17json_valid_report
FNDA:1,_RNvNtNtNtCs7fuCwhujkjZ_5forge8validate6report5testss_17text_valid_report
FNDA:1,_RNvNtNtNtCs7fuCwhujkjZ_5forge8validate6report5testss_23json_report_with_errors
FNDA:1,_RNvNtNtNtCs7fuCwhujkjZ_5forge8validate6report5testss_24text_single_schema_error
FNDA:1,_RNvNtNtNtCs7fuCwhujkjZ_5forge8validate6report5testss_32text_50_plus_errors_all_rendered
FNDA:1,_RNvNtNtNtCs7fuCwhujkjZ_5forge8validate6report5testss_37text_mixed_errors_grouped_by_category
FNDA:1,_RNvNtNtNtCs7fuCwhujkjZ_5forge8validate6report5testss_39text_deeply_nested_path_displayed_fully
FNDA:1,_RNvNtNtNtCs7fuCwhujkjZ_5forge8validate6report5testss_40json_report_contains_only_defined_fields
FNDA:0,_RNCNvNtNtCs7fuCwhujkjZ_5forge8validate6report18render_json_report0B7_
FNDA:60,_RNCNvNtNtCs7fuCwhujkjZ_5forge8validate6report18render_text_report0B7_
FNDA:60,_RNCNvNtNtCs7fuCwhujkjZ_5forge8validate6report18render_text_reports_0B7_
FNDA:55,_RNCNvNtNtNtCs7fuCwhujkjZ_5forge8validate6report5testss_32text_50_plus_errors_all_rendered0B9_
FNDA:4,_RNvNtNtCs7fuCwhujkjZ_5forge8validate6report18render_json_report
FNDA:5,_RNvNtNtCs7fuCwhujkjZ_5forge8validate6report18render_text_report
FNF:17
FNH:16
DA:22,9
DA:23,9
DA:24,1
DA:25,8
DA:27,8
DA:30,8
DA:31,8
DA:32,8
DA:34,8
DA:35,8
DA:37,0
DA:38,8
DA:39,2
DA:41,2
DA:42,2
DA:44,6
DA:45,8
DA:48,8
DA:49,70
DA:50,8
DA:51,8
DA:52,68
DA:53,68
DA:54,68
DA:55,68
DA:56,68
DA:57,68
DA:58,68
DA:59,68
DA:60,68
DA:61,68
DA:62,68
DA:63,0
DA:66,8
DA:67,8
DA:68,8
DA:69,70
DA:70,8
DA:71,8
DA:72,2
DA:73,2
DA:74,2
DA:75,2
DA:76,2
DA:77,2
DA:78,2
DA:79,2
DA:80,2
DA:81,2
DA:82,2
DA:83,2
DA:84,6
DA:86,8
DA:87,9
DA:94,4
DA:95,4
DA:97,0
DA:98,0
DA:99,4
DA:106,61
DA:107,61
DA:108,61
DA:109,61
DA:110,61
DA:111,61
DA:112,61
DA:113,61
DA:114,61
DA:116,2
DA:117,2
DA:118,2
DA:119,2
DA:120,2
DA:121,2
DA:122,2
DA:123,2
DA:124,2
DA:129,1
DA:130,1
DA:131,1
DA:132,1
DA:133,1
DA:136,1
DA:137,1
DA:138,1
DA:139,1
DA:140,1
DA:141,1
DA:142,1
DA:143,1
DA:146,1
DA:147,1
DA:148,1
DA:149,1
DA:150,1
DA:152,1
DA:153,1
DA:154,1
DA:155,1
DA:156,1
DA:157,1
DA:160,1
DA:162,1
DA:163,55
DA:164,1
DA:165,1
DA:166,1
DA:167,1
DA:168,1
DA:169,1
DA:172,1
DA:174,1
DA:175,1
DA:176,1
DA:177,1
DA:178,1
DA:179,1
DA:184,1
DA:185,1
DA:186,1
DA:187,1
DA:188,1
DA:189,1
DA:190,1
DA:193,1
DA:194,1
DA:195,1
DA:196,1
DA:197,1
DA:198,1
DA:199,1
DA:200,1
DA:201,1
DA:202,1
DA:205,1
DA:207,1
DA:208,1
DA:209,1
DA:210,1
DA:211,1
DA:212,1
DA:213,5
DA:214,5
DA:216,1
DA:219,1
DA:220,1
DA:221,1
DA:222,1
DA:223,1
DA:224,1
DA:225,1
DA:226,1
DA:227,1
DA:228,1
BRF:0
BRH:0
LF:158
LH:153
end_of_record
SF:/Volumes/external/repos/forge/src/validate/semantic.rs
FN:24,_RNvMNtNtCsjIej9xlZGE_5forge8validate8semanticNtB2_17SemanticValidator8validate
FN:58,_RNvNtNtCsjIej9xlZGE_5forge8validate8semantic20check_orphaned_links
FN:32,_RNvNtNtCsjIej9xlZGE_5forge8validate8semantic22collect_resource_uuids
FN:72,_RNvNtNtCsjIej9xlZGE_5forge8validate8semantic23walk_for_orphaned_links
FN:145,_RNvNtNtCsjIej9xlZGE_5forge8validate8semantic24check_missing_references
FN:153,_RNvNtNtCsjIej9xlZGE_5forge8validate8semantic27check_component_control_ids
FN:81,_RNvNtNtCsjIej9xlZGE_5forge8validate8semantic29walk_for_orphaned_links_inner
FN:24,_RNvMNtNtCs7fuCwhujkjZ_5forge8validate8semanticNtB2_17SemanticValidator8validate
FN:58,_RNvNtNtCs7fuCwhujkjZ_5forge8validate8semantic20check_orphaned_links
FN:32,_RNvNtNtCs7fuCwhujkjZ_5forge8validate8semantic22collect_resource_uuids
FN:72,_RNvNtNtCs7fuCwhujkjZ_5forge8validate8semantic23walk_for_orphaned_links
FN:145,_RNvNtNtCs7fuCwhujkjZ_5forge8validate8semantic24check_missing_references
FN:153,_RNvNtNtCs7fuCwhujkjZ_5forge8validate8semantic27check_component_control_ids
FN:81,_RNvNtNtCs7fuCwhujkjZ_5forge8validate8semantic29walk_for_orphaned_links_inner
FN:542,_RNCNvNtNtNtCs7fuCwhujkjZ_5forge8validate8semantic5testss_30validator_combines_both_checks0B9_
FN:543,_RNCNvNtNtNtCs7fuCwhujkjZ_5forge8validate8semantic5testss_30validator_combines_both_checkss_0B9_
FN:321,_RNvNtNtNtCs7fuCwhujkjZ_5forge8validate8semantic5testss_18no_links_no_errors
FN:259,_RNvNtNtNtCs7fuCwhujkjZ_5forge8validate8semantic5testss_21valid_links_no_errors
FN:233,_RNvNtNtNtCs7fuCwhujkjZ_5forge8validate8semantic5testss_22orphaned_link_detected
FN:381,_RNvNtNtNtCs7fuCwhujkjZ_5forge8validate8semantic5testss_25empty_control_id_detected
FN:338,_RNvNtNtNtCs7fuCwhujkjZ_5forge8validate8semantic5testss_26external_urls_not_followed
FN:409,_RNvNtNtNtCs7fuCwhujkjZ_5forge8validate8semantic5testss_27valid_control_ids_no_errors
FN:453,_RNvNtNtNtCs7fuCwhujkjZ_5forge8validate8semantic5testss_30catalog_skips_check_gracefully
FN:516,_RNvNtNtNtCs7fuCwhujkjZ_5forge8validate8semantic5testss_30validator_combines_both_checks
FN:462,_RNvNtNtNtCs7fuCwhujkjZ_5forge8validate8semantic5testss_35whitespace_only_control_id_detected
FN:302,_RNvNtNtNtCs7fuCwhujkjZ_5forge8validate8semantic5testss_36multiple_orphaned_links_all_reported
FN:488,_RNvNtNtNtCs7fuCwhujkjZ_5forge8validate8semantic5testss_36punctuation_only_control_id_detected
FN:435,_RNvNtNtNtCs7fuCwhujkjZ_5forge8validate8semantic5testss_37no_implemented_requirements_no_errors
FN:360,_RNvNtNtNtCs7fuCwhujkjZ_5forge8validate8semantic5testss_38max_walk_depth_prevents_stack_overflow
FN:281,_RNvNtNtNtCs7fuCwhujkjZ_5forge8validate8semantic5testss_43no_back_matter_links_with_hash_all_orphaned
FNDA:342,_RNvMNtNtCsjIej9xlZGE_5forge8validate8semanticNtB2_17SemanticValidator8validate
FNDA:342,_RNvNtNtCsjIej9xlZGE_5forge8validate8semantic20check_orphaned_links
FNDA:342,_RNvNtNtCsjIej9xlZGE_5forge8validate8semantic22collect_resource_uuids
FNDA:342,_RNvNtNtCsjIej9xlZGE_5forge8validate8semantic23walk_for_orphaned_links
FNDA:342,_RNvNtNtCsjIej9xlZGE_5forge8validate8semantic24check_missing_references
FNDA:72,_RNvNtNtCsjIej9xlZGE_5forge8validate8semantic27check_component_control_ids
FNDA:58488,_RNvNtNtCsjIej9xlZGE_5forge8validate8semantic29walk_for_orphaned_links_inner
FNDA:16,_RNvMNtNtCs7fuCwhujkjZ_5forge8validate8semanticNtB2_17SemanticValidator8validate
FNDA:23,_RNvNtNtCs7fuCwhujkjZ_5forge8validate8semantic20check_orphaned_links
FNDA:23,_RNvNtNtCs7fuCwhujkjZ_5forge8validate8semantic22collect_resource_uuids
FNDA:23,_RNvNtNtCs7fuCwhujkjZ_5forge8validate8semantic23walk_for_orphaned_links
FNDA:22,_RNvNtNtCs7fuCwhujkjZ_5forge8validate8semantic24check_missing_references
FNDA:8,_RNvNtNtCs7fuCwhujkjZ_5forge8validate8semantic27check_component_control_ids
FNDA:712,_RNvNtNtCs7fuCwhujkjZ_5forge8validate8semantic29walk_for_orphaned_links_inner
FNDA:1,_RNCNvNtNtNtCs7fuCwhujkjZ_5forge8validate8semantic5testss_30validator_combines_both_checks0B9_
FNDA:2,_RNCNvNtNtNtCs7fuCwhujkjZ_5forge8validate8semantic5testss_30validator_combines_both_checkss_0B9_
FNDA:1,_RNvNtNtNtCs7fuCwhujkjZ_5forge8validate8semantic5testss_18no_links_no_errors
FNDA:1,_RNvNtNtNtCs7fuCwhujkjZ_5forge8validate8semantic5testss_21valid_links_no_errors
FNDA:1,_RNvNtNtNtCs7fuCwhujkjZ_5forge8validate8semantic5testss_22orphaned_link_detected
FNDA:1,_RNvNtNtNtCs7fuCwhujkjZ_5forge8validate8semantic5testss_25empty_control_id_detected
FNDA:1,_RNvNtNtNtCs7fuCwhujkjZ_5forge8validate8semantic5testss_26external_urls_not_followed
FNDA:1,_RNvNtNtNtCs7fuCwhujkjZ_5forge8validate8semantic5testss_27valid_control_ids_no_errors
FNDA:1,_RNvNtNtNtCs7fuCwhujkjZ_5forge8validate8semantic5testss_30catalog_skips_check_gracefully
FNDA:1,_RNvNtNtNtCs7fuCwhujkjZ_5forge8validate8semantic5testss_30validator_combines_both_checks
FNDA:1,_RNvNtNtNtCs7fuCwhujkjZ_5forge8validate8semantic5testss_35whitespace_only_control_id_detected
FNDA:1,_RNvNtNtNtCs7fuCwhujkjZ_5forge8validate8semantic5testss_36multiple_orphaned_links_all_reported
FNDA:1,_RNvNtNtNtCs7fuCwhujkjZ_5forge8validate8semantic5testss_36punctuation_only_control_id_detected
FNDA:1,_RNvNtNtNtCs7fuCwhujkjZ_5forge8validate8semantic5testss_37no_implemented_requirements_no_errors
FNDA:1,_RNvNtNtNtCs7fuCwhujkjZ_5forge8validate8semantic5testss_38max_walk_depth_prevents_stack_overflow
FNDA:1,_RNvNtNtNtCs7fuCwhujkjZ_5forge8validate8semantic5testss_43no_back_matter_links_with_hash_all_orphaned
FNF:23
FNH:23
DA:24,358
DA:25,358
DA:26,358
DA:27,358
DA:28,358
DA:32,365
DA:33,365
DA:36,365
DA:37,730
DA:38,730
DA:39,364
DA:40,19
DA:42,21
DA:43,21
DA:44,21
DA:45,21
DA:47,711
DA:50,365
DA:51,365
DA:58,365
DA:59,365
DA:60,365
DA:63,365
DA:65,365
DA:66,365
DA:72,365
DA:73,365
DA:74,365
DA:75,365
DA:76,365
DA:77,365
DA:78,365
DA:79,365
DA:81,59200
DA:82,59200
DA:83,59200
DA:84,59200
DA:85,59200
DA:86,59200
DA:87,59200
DA:88,59200
DA:89,1
DA:90,1
DA:91,59199
DA:92,59199
DA:93,15025
DA:96,15025
DA:97,1666
DA:98,1666
DA:99,12
DA:100,11
DA:101,11
DA:102,11
DA:103,11
DA:104,11
DA:105,11
DA:106,11
DA:107,11
DA:108,11
DA:109,11
DA:110,15014
DA:113,44679
DA:114,44679
DA:115,44679
DA:116,44679
DA:117,44679
DA:118,44679
DA:119,44679
DA:120,44679
DA:121,44679
DA:122,44679
DA:124,6587
DA:125,14156
DA:126,14156
DA:127,14156
DA:128,14156
DA:129,14156
DA:130,14156
DA:131,14156
DA:132,14156
DA:133,14156
DA:134,14156
DA:136,37587
DA:138,59200
DA:145,364
DA:146,364
DA:147,80
DA:148,284
DA:150,364
DA:153,80
DA:154,80
DA:156,80
DA:157,0
DA:160,80
DA:161,3
DA:164,77
DA:165,64
DA:166,77
DA:168,13
DA:171,64
DA:172,64
DA:173,64
DA:175,0
DA:178,647
DA:179,647
DA:180,647
DA:181,647
DA:183,647
DA:184,647
DA:186,647
DA:187,4
DA:188,4
DA:189,4
DA:190,4
DA:191,4
DA:192,4
DA:193,4
DA:194,4
DA:195,4
DA:196,643
DA:198,0
DA:199,0
DA:200,0
DA:201,0
DA:202,0
DA:203,0
DA:204,0
DA:205,0
DA:206,0
DA:207,0
DA:208,0
DA:209,0
DA:210,0
DA:211,0
DA:212,0
DA:213,0
DA:214,0
DA:215,0
DA:216,0
DA:217,0
DA:223,77
DA:224,80
DA:233,1
DA:234,1
DA:235,1
DA:236,1
DA:237,1
DA:238,1
DA:239,1
DA:240,1
DA:241,1
DA:242,1
DA:243,1
DA:244,1
DA:245,1
DA:246,1
DA:247,1
DA:249,1
DA:251,1
DA:252,1
DA:253,1
DA:254,1
DA:255,1
DA:256,1
DA:259,1
DA:260,1
DA:261,1
DA:262,1
DA:263,1
DA:264,1
DA:265,1
DA:266,1
DA:267,1
DA:268,1
DA:269,1
DA:270,1
DA:271,1
DA:272,1
DA:274,1
DA:276,1
DA:277,1
DA:278,1
DA:281,1
DA:283,1
DA:284,1
DA:285,1
DA:286,1
DA:287,1
DA:288,1
DA:289,1
DA:290,1
DA:291,1
DA:292,1
DA:293,1
DA:295,1
DA:297,1
DA:298,1
DA:299,1
DA:302,1
DA:303,1
DA:304,1
DA:305,1
DA:306,1
DA:307,1
DA:308,1
DA:309,1
DA:310,1
DA:311,1
DA:312,1
DA:314,1
DA:316,1
DA:317,1
DA:318,1
DA:321,1
DA:323,1
DA:324,1
DA:325,1
DA:326,1
DA:327,1
DA:328,1
DA:329,1
DA:331,1
DA:333,1
DA:334,1
DA:335,1
DA:338,1
DA:340,1
DA:341,1
DA:342,1
DA:343,1
DA:344,1
DA:345,1
DA:346,1
DA:347,1
DA:348,1
DA:349,1
DA:350,1
DA:352,1
DA:355,1
DA:356,1
DA:357,1
DA:360,1
DA:362,1
DA:363,111
DA:364,111
DA:365,111
DA:366,1
DA:367,1
DA:369,1
DA:371,1
DA:372,1
DA:374,0
DA:376,1
DA:381,1
DA:382,1
DA:383,1
DA:384,1
DA:385,1
DA:386,1
DA:387,1
DA:388,1
DA:389,1
DA:390,1
DA:391,1
DA:392,1
DA:393,1
DA:394,1
DA:395,1
DA:396,1
DA:397,1
DA:398,1
DA:400,1
DA:402,1
DA:403,1
DA:404,1
DA:405,1
DA:406,1
DA:409,1
DA:410,1
DA:411,1
DA:412,1
DA:413,1
DA:414,1
DA:415,1
DA:416,1
DA:417,1
DA:418,1
DA:419,1
DA:420,1
DA:421,1
DA:422,1
DA:423,1
DA:424,1
DA:425,1
DA:426,1
DA:428,1
DA:430,1
DA:431,1
DA:432,1
DA:435,1
DA:436,1
DA:437,1
DA:438,1
DA:439,1
DA:440,1
DA:441,1
DA:442,1
DA:443,1
DA:444,1
DA:446,1
DA:448,1
DA:449,1
DA:450,1
DA:453,1
DA:454,1
DA:455,1
DA:457,1
DA:458,1
DA:459,1
DA:462,1
DA:463,1
DA:464,1
DA:465,1
DA:466,1
DA:467,1
DA:468,1
DA:469,1
DA:470,1
DA:471,1
DA:472,1
DA:473,1
DA:474,1
DA:475,1
DA:476,1
DA:477,1
DA:478,1
DA:479,1
DA:481,1
DA:483,1
DA:484,1
DA:485,1
DA:488,1
DA:489,1
DA:490,1
DA:491,1
DA:492,1
DA:493,1
DA:494,1
DA:495,1
DA:496,1
DA:497,1
DA:498,1
DA:499,1
DA:500,1
DA:501,1
DA:502,1
DA:503,1
DA:504,1
DA:505,1
DA:507,1
DA:509,1
DA:510,1
DA:511,1
DA:516,1
DA:517,1
DA:518,1
DA:519,1
DA:520,1
DA:521,1
DA:522,1
DA:523,1
DA:524,1
DA:525,1
DA:526,1
DA:527,1
DA:528,1
DA:529,1
DA:530,1
DA:531,1
DA:532,1
DA:533,1
DA:534,1
DA:535,1
DA:537,1
DA:539,1
DA:541,1
DA:542,1
DA:543,2
DA:544,1
BRF:0
BRH:0
LF:391
LH:367
end_of_record